#-----------------------------------------------------------
# Vivado v2024.2 (64-bit)
# SW Build 5239630 on Fri Nov 08 22:35:27 MST 2024
# IP Build 5239520 on Sun Nov 10 16:12:51 MST 2024
# SharedData Build 5239561 on Fri Nov 08 14:39:27 MST 2024
# Start of session at: Sat Jun 14 10:07:42 2025
# Process ID         : 12680
# Current directory  : C:/Users/jjboy/ArmPipleCPU
# Command line       : vivado.exe -gui_launcher_event rodinguilauncherevent9032 C:\Users\jjboy\ArmPipleCPU\ArmPipleCPU.xpr
# Log file           : C:/Users/jjboy/ArmPipleCPU/vivado.log
# Journal file       : C:/Users/jjboy/ArmPipleCPU\vivado.jou
# Running On         : Firstputve
# Platform           : Windows Server 2016 or Windows 10
# Operating System   : 26100
# Processor Detail   : AMD Ryzen 5 3600X 6-Core Processor             
# CPU Frequency      : 3800 MHz
# CPU Physical cores : 6
# CPU Logical cores  : 12
# Host memory        : 34281 MB
# Swap memory        : 2147 MB
# Total Virtual      : 36429 MB
# Available Virtual  : 26950 MB
#-----------------------------------------------------------
start_gui
open_project C:/Users/jjboy/ArmPipleCPU/ArmPipleCPU.xpr
Scanning sources...
Finished scanning sources
INFO: [IP_Flow 19-234] Refreshing IP repositories
INFO: [IP_Flow 19-1704] No user IP repositories specified
INFO: [IP_Flow 19-2313] Loaded Vivado IP repository 'C:/Xilinx/Vivado/2024.2/data/ip'.
open_project: Time (s): cpu = 00:00:11 ; elapsed = 00:00:06 . Memory (MB): peak = 1176.027 ; gain = 110.016
update_compile_order -fileset sources_1
close [ open C:/Users/jjboy/ArmPipleCPU/ArmPipleCPU.srcs/sources_1/new/dmem.v w ]
add_files C:/Users/jjboy/ArmPipleCPU/ArmPipleCPU.srcs/sources_1/new/dmem.v
close [ open C:/Users/jjboy/ArmPipleCPU/ArmPipleCPU.srcs/sources_1/new/imem.v w ]
add_files C:/Users/jjboy/ArmPipleCPU/ArmPipleCPU.srcs/sources_1/new/imem.v
update_compile_order -fileset sources_1
exit
INFO: [Common 17-206] Exiting Vivado at Sat Jun 14 10:11:47 2025...
