#-----------------------------------------------------------
# Vivado v2024.2 (64-bit)
# SW Build 5239630 on Fri Nov 08 22:35:27 MST 2024
# IP Build 5239520 on Sun Nov 10 16:12:51 MST 2024
# SharedData Build 5239561 on Fri Nov 08 14:39:27 MST 2024
# Start of session at: Fri Jun 13 15:45:17 2025
# Process ID         : 25652
# Current directory  : C:/Users/LJW/ArmpipleCPU
# Command line       : vivado.exe -gui_launcher_event rodinguilauncherevent23748 C:\Users\LJW\ArmpipleCPU\ArmPipleCPU.xpr
# Log file           : C:/Users/LJW/ArmpipleCPU/vivado.log
# Journal file       : C:/Users/LJW/ArmpipleCPU\vivado.jou
# Running On         : LAPTOP-D79VLO3N
# Platform           : Windows Server 2016 or Windows 10
# Operating System   : 26100
# Processor Detail   : AMD Ryzen 7 7840HS w/ Radeon 780M Graphics     
# CPU Frequency      : 3793 MHz
# CPU Physical cores : 8
# CPU Logical cores  : 16
# Host memory        : 16312 MB
# Swap memory        : 1073 MB
# Total Virtual      : 17386 MB
# Available Virtual  : 5578 MB
#-----------------------------------------------------------
start_gui
open_project C:/Users/LJW/ArmpipleCPU/ArmPipleCPU.xpr
INFO: [Project 1-313] Project file moved from 'C:/Users/jjboy/ArmPipleCPU' since last save.
Scanning sources...
Finished scanning sources
INFO: [IP_Flow 19-234] Refreshing IP repositories
INFO: [IP_Flow 19-1704] No user IP repositories specified
INFO: [IP_Flow 19-2313] Loaded Vivado IP repository 'D:/vivado/Vivado/2024.2/data/ip'.
open_project: Time (s): cpu = 00:00:12 ; elapsed = 00:00:05 . Memory (MB): peak = 1222.566 ; gain = 80.344
update_compile_order -fileset sources_1
set_property top CondUnite [current_fileset]
update_compile_order -fileset sources_1
synth_design -rtl -rtl_skip_mlo -name rtl_1
Command: synth_design -rtl -rtl_skip_mlo -name rtl_1
Starting synth_design
Using part: xc7a35tcpg236-1
Top: CondUnite
INFO: [Device 21-403] Loading part xc7a35tcpg236-1
INFO: [Synth 8-7079] Multithreading enabled for synth_design using a maximum of 2 processes.
INFO: [Synth 8-7078] Launching helper process for spawning children vivado processes
INFO: [Synth 8-7075] Helper process launched with PID 25472
---------------------------------------------------------------------------------
Starting RTL Elaboration : Time (s): cpu = 00:00:05 ; elapsed = 00:00:05 . Memory (MB): peak = 1836.629 ; gain = 451.898
---------------------------------------------------------------------------------
INFO: [Synth 8-6157] synthesizing module 'CondUnite' [C:/Users/LJW/ArmpipleCPU/ArmPipleCPU.srcs/sources_1/new/CondUnite.v:22]
INFO: [Synth 8-6155] done synthesizing module 'CondUnite' (0#1) [C:/Users/LJW/ArmpipleCPU/ArmPipleCPU.srcs/sources_1/new/CondUnite.v:22]
---------------------------------------------------------------------------------
Finished RTL Elaboration : Time (s): cpu = 00:00:07 ; elapsed = 00:00:07 . Memory (MB): peak = 1939.152 ; gain = 554.422
---------------------------------------------------------------------------------
---------------------------------------------------------------------------------
Start Handling Custom Attributes
---------------------------------------------------------------------------------
---------------------------------------------------------------------------------
Finished Handling Custom Attributes : Time (s): cpu = 00:00:07 ; elapsed = 00:00:07 . Memory (MB): peak = 1939.152 ; gain = 554.422
---------------------------------------------------------------------------------
---------------------------------------------------------------------------------
Finished RTL Optimization Phase 1 : Time (s): cpu = 00:00:07 ; elapsed = 00:00:07 . Memory (MB): peak = 1939.152 ; gain = 554.422
---------------------------------------------------------------------------------
Netlist sorting complete. Time (s): cpu = 00:00:00 ; elapsed = 00:00:00.001 . Memory (MB): peak = 1939.152 ; gain = 0.000
INFO: [Project 1-570] Preparing netlist for logic optimization

Processing XDC Constraints
Initializing timing engine
Completed Processing XDC Constraints

Netlist sorting complete. Time (s): cpu = 00:00:00 ; elapsed = 00:00:00 . Memory (MB): peak = 1961.309 ; gain = 0.000
INFO: [Project 1-111] Unisim Transformation Summary:
No Unisim elements were transformed.

RTL Elaboration Complete:  : Time (s): cpu = 00:00:17 ; elapsed = 00:00:12 . Memory (MB): peak = 2208.727 ; gain = 823.996
8 Infos, 0 Warnings, 0 Critical Warnings and 0 Errors encountered.
synth_design completed successfully
synth_design: Time (s): cpu = 00:00:20 ; elapsed = 00:00:23 . Memory (MB): peak = 2208.727 ; gain = 986.160
