
*** Running vivado
    with args -log arm.vds -m64 -product Vivado -mode batch -messageDb vivado.pb -notrace -source arm.tcl



****** Vivado v2024.2 (64-bit)
  **** SW Build 5239630 on Fri Nov 08 22:35:27 MST 2024
  **** IP Build 5239520 on Sun Nov 10 16:12:51 MST 2024
  **** SharedData Build 5239561 on Fri Nov 08 14:39:27 MST 2024
  **** Start of session at: Sat Jun 21 17:38:30 2025
    ** Copyright 1986-2022 Xilinx, Inc. All Rights Reserved.
    ** Copyright 2022-2024 Advanced Micro Devices, Inc. All Rights Reserved.

source arm.tcl -notrace
Command: read_checkpoint -auto_incremental -incremental C:/Users/jjboy/ArmPipleCPU/ArmPipleCPU.srcs/utils_1/imports/synth_1/IEStage.dcp
INFO: [Vivado 12-5825] Read reference checkpoint from C:/Users/jjboy/ArmPipleCPU/ArmPipleCPU.srcs/utils_1/imports/synth_1/IEStage.dcp for incremental synthesis
INFO: [Vivado 12-7989] Please ensure there are no constraint changes
Command: synth_design -top arm -part xc7a35tcpg236-1
Starting synth_design
Attempting to get a license for feature 'Synthesis' and/or device 'xc7a35t'
INFO: [Common 17-349] Got license for feature 'Synthesis' and/or device 'xc7a35t'
INFO: [Device 21-403] Loading part xc7a35tcpg236-1
INFO: [Designutils 20-5440] No compile time benefit to using incremental synthesis; A full resynthesis will be run
INFO: [Designutils 20-4379] Flow is switching to default flow due to incremental criteria not met. If you would like to alter this behaviour and have the flow terminate instead, please set the following parameter config_implementation {autoIncr.Synth.RejectBehavior Terminate}
INFO: [Synth 8-7079] Multithreading enabled for synth_design using a maximum of 2 processes.
INFO: [Synth 8-7078] Launching helper process for spawning children vivado processes
INFO: [Synth 8-7075] Helper process launched with PID 20264
---------------------------------------------------------------------------------
Starting RTL Elaboration : Time (s): cpu = 00:00:05 ; elapsed = 00:00:05 . Memory (MB): peak = 1020.418 ; gain = 468.258
---------------------------------------------------------------------------------
INFO: [Synth 8-6157] synthesizing module 'arm' [C:/Users/jjboy/ArmPipleCPU/ArmPipleCPU.srcs/sources_1/new/arm.v:23]
INFO: [Synth 8-6157] synthesizing module 'ifstage' [C:/Users/jjboy/ArmPipleCPU/ArmPipleCPU.srcs/sources_1/new/ifstage.v:23]
INFO: [Synth 8-6157] synthesizing module 'dist_mem_im' [C:/Users/jjboy/ArmPipleCPU/ArmPipleCPU.runs/synth_1/.Xil/Vivado-2592-Firstputve/realtime/dist_mem_im_stub.v:6]
INFO: [Synth 8-6155] done synthesizing module 'dist_mem_im' (0#1) [C:/Users/jjboy/ArmPipleCPU/ArmPipleCPU.runs/synth_1/.Xil/Vivado-2592-Firstputve/realtime/dist_mem_im_stub.v:6]
INFO: [Synth 8-6155] done synthesizing module 'ifstage' (0#1) [C:/Users/jjboy/ArmPipleCPU/ArmPipleCPU.srcs/sources_1/new/ifstage.v:23]
INFO: [Synth 8-6157] synthesizing module 'IDRegister' [C:/Users/jjboy/ArmPipleCPU/ArmPipleCPU.srcs/sources_1/new/IDRegister.v:22]
INFO: [Synth 8-6155] done synthesizing module 'IDRegister' (0#1) [C:/Users/jjboy/ArmPipleCPU/ArmPipleCPU.srcs/sources_1/new/IDRegister.v:22]
INFO: [Synth 8-6157] synthesizing module 'IDStage' [C:/Users/jjboy/ArmPipleCPU/ArmPipleCPU.srcs/sources_1/new/IDStage.v:23]
INFO: [Synth 8-6157] synthesizing module 'CtrUnite' [C:/Users/jjboy/ArmPipleCPU/ArmPipleCPU.srcs/sources_1/new/CtrUnite.v:22]
INFO: [Synth 8-6155] done synthesizing module 'CtrUnite' (0#1) [C:/Users/jjboy/ArmPipleCPU/ArmPipleCPU.srcs/sources_1/new/CtrUnite.v:22]
INFO: [Synth 8-6157] synthesizing module 'Mux2_4' [C:/Users/jjboy/ArmPipleCPU/ArmPipleCPU.srcs/sources_1/new/Mux2.v:23]
INFO: [Synth 8-6155] done synthesizing module 'Mux2_4' (0#1) [C:/Users/jjboy/ArmPipleCPU/ArmPipleCPU.srcs/sources_1/new/Mux2.v:23]
INFO: [Synth 8-6157] synthesizing module 'RegFile' [C:/Users/jjboy/ArmPipleCPU/ArmPipleCPU.srcs/sources_1/new/RegFile.v:23]
INFO: [Synth 8-6155] done synthesizing module 'RegFile' (0#1) [C:/Users/jjboy/ArmPipleCPU/ArmPipleCPU.srcs/sources_1/new/RegFile.v:23]
INFO: [Synth 8-6157] synthesizing module 'shift' [C:/Users/jjboy/ArmPipleCPU/ArmPipleCPU.srcs/sources_1/new/shift.v:34]
INFO: [Synth 8-226] default block is never used [C:/Users/jjboy/ArmPipleCPU/ArmPipleCPU.srcs/sources_1/new/shift.v:50]
INFO: [Synth 8-6155] done synthesizing module 'shift' (0#1) [C:/Users/jjboy/ArmPipleCPU/ArmPipleCPU.srcs/sources_1/new/shift.v:34]
INFO: [Synth 8-6157] synthesizing module 'Extent' [C:/Users/jjboy/ArmPipleCPU/ArmPipleCPU.srcs/sources_1/new/Extent.v:23]
INFO: [Synth 8-155] case statement is not full and has no default [C:/Users/jjboy/ArmPipleCPU/ArmPipleCPU.srcs/sources_1/new/Extent.v:35]
INFO: [Synth 8-6155] done synthesizing module 'Extent' (0#1) [C:/Users/jjboy/ArmPipleCPU/ArmPipleCPU.srcs/sources_1/new/Extent.v:23]
INFO: [Synth 8-6155] done synthesizing module 'IDStage' (0#1) [C:/Users/jjboy/ArmPipleCPU/ArmPipleCPU.srcs/sources_1/new/IDStage.v:23]
WARNING: [Synth 8-689] width (32) of port connection 'wa3w' does not match port width (4) of module 'IDStage' [C:/Users/jjboy/ArmPipleCPU/ArmPipleCPU.srcs/sources_1/new/arm.v:82]
INFO: [Synth 8-6157] synthesizing module 'IERegister' [C:/Users/jjboy/ArmPipleCPU/ArmPipleCPU.srcs/sources_1/new/IERegister.v:2]
INFO: [Synth 8-6155] done synthesizing module 'IERegister' (0#1) [C:/Users/jjboy/ArmPipleCPU/ArmPipleCPU.srcs/sources_1/new/IERegister.v:2]
INFO: [Synth 8-6157] synthesizing module 'IEStage' [C:/Users/jjboy/ArmPipleCPU/ArmPipleCPU.srcs/sources_1/new/IEStage.v:23]
INFO: [Synth 8-6157] synthesizing module 'Mux3_32' [C:/Users/jjboy/ArmPipleCPU/ArmPipleCPU.srcs/sources_1/new/Mux3_32.v:23]
INFO: [Synth 8-226] default block is never used [C:/Users/jjboy/ArmPipleCPU/ArmPipleCPU.srcs/sources_1/new/Mux3_32.v:33]
INFO: [Synth 8-6155] done synthesizing module 'Mux3_32' (0#1) [C:/Users/jjboy/ArmPipleCPU/ArmPipleCPU.srcs/sources_1/new/Mux3_32.v:23]
INFO: [Synth 8-6157] synthesizing module 'Mux2_32' [C:/Users/jjboy/ArmPipleCPU/ArmPipleCPU.srcs/sources_1/new/Mux2_32.v:23]
INFO: [Synth 8-6155] done synthesizing module 'Mux2_32' (0#1) [C:/Users/jjboy/ArmPipleCPU/ArmPipleCPU.srcs/sources_1/new/Mux2_32.v:23]
INFO: [Synth 8-6157] synthesizing module 'ALU' [C:/Users/jjboy/ArmPipleCPU/ArmPipleCPU.srcs/sources_1/new/ALU.v:23]
INFO: [Synth 8-226] default block is never used [C:/Users/jjboy/ArmPipleCPU/ArmPipleCPU.srcs/sources_1/new/ALU.v:36]
INFO: [Synth 8-6155] done synthesizing module 'ALU' (0#1) [C:/Users/jjboy/ArmPipleCPU/ArmPipleCPU.srcs/sources_1/new/ALU.v:23]
INFO: [Synth 8-6157] synthesizing module 'CondUnite' [C:/Users/jjboy/ArmPipleCPU/ArmPipleCPU.srcs/sources_1/new/CondUnite.v:22]
INFO: [Synth 8-6155] done synthesizing module 'CondUnite' (0#1) [C:/Users/jjboy/ArmPipleCPU/ArmPipleCPU.srcs/sources_1/new/CondUnite.v:22]
INFO: [Synth 8-6155] done synthesizing module 'IEStage' (0#1) [C:/Users/jjboy/ArmPipleCPU/ArmPipleCPU.srcs/sources_1/new/IEStage.v:23]
INFO: [Synth 8-6157] synthesizing module 'AMRegister' [C:/Users/jjboy/ArmPipleCPU/ArmPipleCPU.srcs/sources_1/new/AMRegister.v:22]
INFO: [Synth 8-6155] done synthesizing module 'AMRegister' (0#1) [C:/Users/jjboy/ArmPipleCPU/ArmPipleCPU.srcs/sources_1/new/AMRegister.v:22]
INFO: [Synth 8-6157] synthesizing module 'AMStage' [C:/Users/jjboy/ArmPipleCPU/ArmPipleCPU.srcs/sources_1/new/AMStage.v:23]
INFO: [Synth 8-6157] synthesizing module 'dist_mem_gen_dm' [C:/Users/jjboy/ArmPipleCPU/ArmPipleCPU.runs/synth_1/.Xil/Vivado-2592-Firstputve/realtime/dist_mem_gen_dm_stub.v:6]
INFO: [Synth 8-6155] done synthesizing module 'dist_mem_gen_dm' (0#1) [C:/Users/jjboy/ArmPipleCPU/ArmPipleCPU.runs/synth_1/.Xil/Vivado-2592-Firstputve/realtime/dist_mem_gen_dm_stub.v:6]
WARNING: [Synth 8-689] width (32) of port connection 'a' does not match port width (6) of module 'dist_mem_gen_dm' [C:/Users/jjboy/ArmPipleCPU/ArmPipleCPU.srcs/sources_1/new/AMStage.v:43]
INFO: [Synth 8-6155] done synthesizing module 'AMStage' (0#1) [C:/Users/jjboy/ArmPipleCPU/ArmPipleCPU.srcs/sources_1/new/AMStage.v:23]
INFO: [Synth 8-6157] synthesizing module 'WBRegister' [C:/Users/jjboy/ArmPipleCPU/ArmPipleCPU.srcs/sources_1/new/WBRegister.v:23]
INFO: [Synth 8-6155] done synthesizing module 'WBRegister' (0#1) [C:/Users/jjboy/ArmPipleCPU/ArmPipleCPU.srcs/sources_1/new/WBRegister.v:23]
WARNING: [Synth 8-689] width (32) of port connection 'wa3w' does not match port width (4) of module 'WBRegister' [C:/Users/jjboy/ArmPipleCPU/ArmPipleCPU.srcs/sources_1/new/arm.v:303]
INFO: [Synth 8-6157] synthesizing module 'eqcmp' [C:/Users/jjboy/ArmPipleCPU/ArmPipleCPU.srcs/sources_1/new/eqcmp.v:22]
	Parameter WIDTH bound to: 4 - type: integer 
INFO: [Synth 8-6155] done synthesizing module 'eqcmp' (0#1) [C:/Users/jjboy/ArmPipleCPU/ArmPipleCPU.srcs/sources_1/new/eqcmp.v:22]
WARNING: [Synth 8-689] width (32) of port connection 'a' does not match port width (4) of module 'eqcmp' [C:/Users/jjboy/ArmPipleCPU/ArmPipleCPU.srcs/sources_1/new/arm.v:328]
WARNING: [Synth 8-689] width (32) of port connection 'a' does not match port width (4) of module 'eqcmp' [C:/Users/jjboy/ArmPipleCPU/ArmPipleCPU.srcs/sources_1/new/arm.v:333]
INFO: [Synth 8-6157] synthesizing module 'hazard' [C:/Users/jjboy/ArmPipleCPU/ArmPipleCPU.srcs/sources_1/new/hazard.v:23]
INFO: [Synth 8-6155] done synthesizing module 'hazard' (0#1) [C:/Users/jjboy/ArmPipleCPU/ArmPipleCPU.srcs/sources_1/new/hazard.v:23]
INFO: [Synth 8-6155] done synthesizing module 'arm' (0#1) [C:/Users/jjboy/ArmPipleCPU/ArmPipleCPU.srcs/sources_1/new/arm.v:23]
WARNING: [Synth 8-7129] Port rd2e[31] in module IEStage is either unconnected or has no load
WARNING: [Synth 8-7129] Port rd2e[30] in module IEStage is either unconnected or has no load
WARNING: [Synth 8-7129] Port rd2e[29] in module IEStage is either unconnected or has no load
WARNING: [Synth 8-7129] Port rd2e[28] in module IEStage is either unconnected or has no load
WARNING: [Synth 8-7129] Port rd2e[27] in module IEStage is either unconnected or has no load
WARNING: [Synth 8-7129] Port rd2e[26] in module IEStage is either unconnected or has no load
WARNING: [Synth 8-7129] Port rd2e[25] in module IEStage is either unconnected or has no load
WARNING: [Synth 8-7129] Port rd2e[24] in module IEStage is either unconnected or has no load
WARNING: [Synth 8-7129] Port rd2e[23] in module IEStage is either unconnected or has no load
WARNING: [Synth 8-7129] Port rd2e[22] in module IEStage is either unconnected or has no load
WARNING: [Synth 8-7129] Port rd2e[21] in module IEStage is either unconnected or has no load
WARNING: [Synth 8-7129] Port rd2e[20] in module IEStage is either unconnected or has no load
WARNING: [Synth 8-7129] Port rd2e[19] in module IEStage is either unconnected or has no load
WARNING: [Synth 8-7129] Port rd2e[18] in module IEStage is either unconnected or has no load
WARNING: [Synth 8-7129] Port rd2e[17] in module IEStage is either unconnected or has no load
WARNING: [Synth 8-7129] Port rd2e[16] in module IEStage is either unconnected or has no load
WARNING: [Synth 8-7129] Port rd2e[15] in module IEStage is either unconnected or has no load
WARNING: [Synth 8-7129] Port rd2e[14] in module IEStage is either unconnected or has no load
WARNING: [Synth 8-7129] Port rd2e[13] in module IEStage is either unconnected or has no load
WARNING: [Synth 8-7129] Port rd2e[12] in module IEStage is either unconnected or has no load
WARNING: [Synth 8-7129] Port rd2e[11] in module IEStage is either unconnected or has no load
WARNING: [Synth 8-7129] Port rd2e[10] in module IEStage is either unconnected or has no load
WARNING: [Synth 8-7129] Port rd2e[9] in module IEStage is either unconnected or has no load
WARNING: [Synth 8-7129] Port rd2e[8] in module IEStage is either unconnected or has no load
WARNING: [Synth 8-7129] Port rd2e[7] in module IEStage is either unconnected or has no load
WARNING: [Synth 8-7129] Port rd2e[6] in module IEStage is either unconnected or has no load
WARNING: [Synth 8-7129] Port rd2e[5] in module IEStage is either unconnected or has no load
WARNING: [Synth 8-7129] Port rd2e[4] in module IEStage is either unconnected or has no load
WARNING: [Synth 8-7129] Port rd2e[3] in module IEStage is either unconnected or has no load
WARNING: [Synth 8-7129] Port rd2e[2] in module IEStage is either unconnected or has no load
WARNING: [Synth 8-7129] Port rd2e[1] in module IEStage is either unconnected or has no load
WARNING: [Synth 8-7129] Port rd2e[0] in module IEStage is either unconnected or has no load
---------------------------------------------------------------------------------
Finished RTL Elaboration : Time (s): cpu = 00:00:07 ; elapsed = 00:00:07 . Memory (MB): peak = 1129.094 ; gain = 576.934
---------------------------------------------------------------------------------
---------------------------------------------------------------------------------
Start Handling Custom Attributes
---------------------------------------------------------------------------------
---------------------------------------------------------------------------------
Finished Handling Custom Attributes : Time (s): cpu = 00:00:07 ; elapsed = 00:00:07 . Memory (MB): peak = 1129.094 ; gain = 576.934
---------------------------------------------------------------------------------
---------------------------------------------------------------------------------
Finished RTL Optimization Phase 1 : Time (s): cpu = 00:00:07 ; elapsed = 00:00:07 . Memory (MB): peak = 1129.094 ; gain = 576.934
---------------------------------------------------------------------------------
Netlist sorting complete. Time (s): cpu = 00:00:00 ; elapsed = 00:00:00.018 . Memory (MB): peak = 1129.094 ; gain = 0.000
INFO: [Project 1-570] Preparing netlist for logic optimization

Processing XDC Constraints
Initializing timing engine
Parsing XDC File [c:/Users/jjboy/ArmPipleCPU/ArmPipleCPU.gen/sources_1/ip/dist_mem_im/dist_mem_im/dist_mem_im_in_context.xdc] for cell 'ifstage/imem'
Finished Parsing XDC File [c:/Users/jjboy/ArmPipleCPU/ArmPipleCPU.gen/sources_1/ip/dist_mem_im/dist_mem_im/dist_mem_im_in_context.xdc] for cell 'ifstage/imem'
Parsing XDC File [c:/Users/jjboy/ArmPipleCPU/ArmPipleCPU.gen/sources_1/ip/dist_mem_gen_dm/dist_mem_gen_dm/dist_mem_gen_dm_in_context.xdc] for cell 'AMStage/dmem'
Finished Parsing XDC File [c:/Users/jjboy/ArmPipleCPU/ArmPipleCPU.gen/sources_1/ip/dist_mem_gen_dm/dist_mem_gen_dm/dist_mem_gen_dm_in_context.xdc] for cell 'AMStage/dmem'
Parsing XDC File [C:/Users/jjboy/ArmPipleCPU/ArmPipleCPU.srcs/constrs_1/new/1.xdc]
Finished Parsing XDC File [C:/Users/jjboy/ArmPipleCPU/ArmPipleCPU.srcs/constrs_1/new/1.xdc]
INFO: [Project 1-236] Implementation specific constraints were found while reading constraint file [C:/Users/jjboy/ArmPipleCPU/ArmPipleCPU.srcs/constrs_1/new/1.xdc]. These constraints will be ignored for synthesis but will be used in implementation. Impacted constraints are listed in the file [.Xil/arm_propImpl.xdc].
Resolution: To avoid this warning, move constraints listed in [.Xil/arm_propImpl.xdc] to another XDC file and exclude this new file from synthesis with the used_in_synthesis property (File Properties dialog in GUI) and re-run elaboration/synthesis.
Completed Processing XDC Constraints

Netlist sorting complete. Time (s): cpu = 00:00:00 ; elapsed = 00:00:00 . Memory (MB): peak = 1219.395 ; gain = 0.000
INFO: [Project 1-111] Unisim Transformation Summary:
No Unisim elements were transformed.

Constraint Validation Runtime : Time (s): cpu = 00:00:00 ; elapsed = 00:00:00.004 . Memory (MB): peak = 1219.395 ; gain = 0.000
WARNING: [Timing 38-316] Clock period '20.000' specified during out-of-context synthesis of instance 'AMStage/dmem' at clock pin 'clk' is different from the actual clock period '10.000', this can lead to different synthesis results.
INFO: [Designutils 20-5440] No compile time benefit to using incremental synthesis; A full resynthesis will be run
INFO: [Designutils 20-4379] Flow is switching to default flow due to incremental criteria not met. If you would like to alter this behaviour and have the flow terminate instead, please set the following parameter config_implementation {autoIncr.Synth.RejectBehavior Terminate}
---------------------------------------------------------------------------------
Finished Constraint Validation : Time (s): cpu = 00:00:14 ; elapsed = 00:00:14 . Memory (MB): peak = 1219.996 ; gain = 667.836
---------------------------------------------------------------------------------
---------------------------------------------------------------------------------
Start Loading Part and Timing Information
---------------------------------------------------------------------------------
Loading part: xc7a35tcpg236-1
---------------------------------------------------------------------------------
Finished Loading Part and Timing Information : Time (s): cpu = 00:00:14 ; elapsed = 00:00:14 . Memory (MB): peak = 1219.996 ; gain = 667.836
---------------------------------------------------------------------------------
---------------------------------------------------------------------------------
Start Applying 'set_property' XDC Constraints
---------------------------------------------------------------------------------
Applied set_property KEEP_HIERARCHY = SOFT for ifstage/imem. (constraint file  auto generated constraint).
Applied set_property KEEP_HIERARCHY = SOFT for AMStage/dmem. (constraint file  auto generated constraint).
---------------------------------------------------------------------------------
Finished applying 'set_property' XDC Constraints : Time (s): cpu = 00:00:14 ; elapsed = 00:00:15 . Memory (MB): peak = 1219.996 ; gain = 667.836
---------------------------------------------------------------------------------
WARNING: [Synth 8-327] inferring latch for variable 'imm32_reg' [C:/Users/jjboy/ArmPipleCPU/ArmPipleCPU.srcs/sources_1/new/Extent.v:40]
---------------------------------------------------------------------------------
Finished RTL Optimization Phase 2 : Time (s): cpu = 00:00:15 ; elapsed = 00:00:15 . Memory (MB): peak = 1219.996 ; gain = 667.836
---------------------------------------------------------------------------------
---------------------------------------------------------------------------------
Start RTL Component Statistics 
---------------------------------------------------------------------------------
Detailed RTL Component Info : 
+---Adders : 
	   3 Input   33 Bit       Adders := 1     
	   2 Input   32 Bit       Adders := 1     
	   2 Input    6 Bit       Adders := 2     
	   3 Input    1 Bit       Adders := 1     
+---XORs : 
	   2 Input      1 Bit         XORs := 1     
	   3 Input      1 Bit         XORs := 1     
+---Registers : 
	               32 Bit    Registers := 12    
	                4 Bit    Registers := 7     
	                2 Bit    Registers := 2     
	                1 Bit    Registers := 13    
+---Muxes : 
	   2 Input   32 Bit        Muxes := 15    
	   4 Input   32 Bit        Muxes := 4     
	   3 Input   32 Bit        Muxes := 1     
	   4 Input   10 Bit        Muxes := 1     
	   3 Input   10 Bit        Muxes := 1     
	   2 Input    7 Bit        Muxes := 1     
	   2 Input    6 Bit        Muxes := 1     
	   2 Input    5 Bit        Muxes := 1     
	   2 Input    4 Bit        Muxes := 7     
	   5 Input    2 Bit        Muxes := 1     
	   2 Input    2 Bit        Muxes := 8     
	   2 Input    1 Bit        Muxes := 1     
	   4 Input    1 Bit        Muxes := 1     
---------------------------------------------------------------------------------
Finished RTL Component Statistics 
---------------------------------------------------------------------------------
---------------------------------------------------------------------------------
Start Part Resource Summary
---------------------------------------------------------------------------------
Part Resources:
DSPs: 90 (col length:60)
BRAMs: 100 (col length: RAMB18 60 RAMB36 30)
---------------------------------------------------------------------------------
Finished Part Resource Summary
---------------------------------------------------------------------------------
---------------------------------------------------------------------------------
Start Cross Boundary and Area Optimization
---------------------------------------------------------------------------------
WARNING: [Synth 8-7080] Parallel synthesis criteria is not met
CRITICAL WARNING: [Synth 8-6859] multi-driven net on pin Q with 1st driver pin 'ifstage/pc2_reg[31]/Q' [C:/Users/jjboy/ArmPipleCPU/ArmPipleCPU.srcs/sources_1/new/ifstage.v:58]
CRITICAL WARNING: [Synth 8-6859] multi-driven net on pin Q with 2nd driver pin 'GND' [C:/Users/jjboy/ArmPipleCPU/ArmPipleCPU.srcs/sources_1/new/ifstage.v:58]
CRITICAL WARNING: [Synth 8-6858] multi-driven net Q is connected to at least one constant driver which has been preserved, other driver is ignored [C:/Users/jjboy/ArmPipleCPU/ArmPipleCPU.srcs/sources_1/new/ifstage.v:58]
CRITICAL WARNING: [Synth 8-6859] multi-driven net on pin Q with 1st driver pin 'ifstage/pc2_reg[30]/Q' [C:/Users/jjboy/ArmPipleCPU/ArmPipleCPU.srcs/sources_1/new/ifstage.v:58]
CRITICAL WARNING: [Synth 8-6859] multi-driven net on pin Q with 2nd driver pin 'GND' [C:/Users/jjboy/ArmPipleCPU/ArmPipleCPU.srcs/sources_1/new/ifstage.v:58]
CRITICAL WARNING: [Synth 8-6858] multi-driven net Q is connected to at least one constant driver which has been preserved, other driver is ignored [C:/Users/jjboy/ArmPipleCPU/ArmPipleCPU.srcs/sources_1/new/ifstage.v:58]
CRITICAL WARNING: [Synth 8-6859] multi-driven net on pin Q with 1st driver pin 'ifstage/pc2_reg[29]/Q' [C:/Users/jjboy/ArmPipleCPU/ArmPipleCPU.srcs/sources_1/new/ifstage.v:58]
CRITICAL WARNING: [Synth 8-6859] multi-driven net on pin Q with 2nd driver pin 'GND' [C:/Users/jjboy/ArmPipleCPU/ArmPipleCPU.srcs/sources_1/new/ifstage.v:58]
CRITICAL WARNING: [Synth 8-6858] multi-driven net Q is connected to at least one constant driver which has been preserved, other driver is ignored [C:/Users/jjboy/ArmPipleCPU/ArmPipleCPU.srcs/sources_1/new/ifstage.v:58]
CRITICAL WARNING: [Synth 8-6859] multi-driven net on pin Q with 1st driver pin 'ifstage/pc2_reg[28]/Q' [C:/Users/jjboy/ArmPipleCPU/ArmPipleCPU.srcs/sources_1/new/ifstage.v:58]
CRITICAL WARNING: [Synth 8-6859] multi-driven net on pin Q with 2nd driver pin 'GND' [C:/Users/jjboy/ArmPipleCPU/ArmPipleCPU.srcs/sources_1/new/ifstage.v:58]
CRITICAL WARNING: [Synth 8-6858] multi-driven net Q is connected to at least one constant driver which has been preserved, other driver is ignored [C:/Users/jjboy/ArmPipleCPU/ArmPipleCPU.srcs/sources_1/new/ifstage.v:58]
CRITICAL WARNING: [Synth 8-6859] multi-driven net on pin Q with 1st driver pin 'ifstage/pc2_reg[27]/Q' [C:/Users/jjboy/ArmPipleCPU/ArmPipleCPU.srcs/sources_1/new/ifstage.v:58]
CRITICAL WARNING: [Synth 8-6859] multi-driven net on pin Q with 2nd driver pin 'GND' [C:/Users/jjboy/ArmPipleCPU/ArmPipleCPU.srcs/sources_1/new/ifstage.v:58]
CRITICAL WARNING: [Synth 8-6858] multi-driven net Q is connected to at least one constant driver which has been preserved, other driver is ignored [C:/Users/jjboy/ArmPipleCPU/ArmPipleCPU.srcs/sources_1/new/ifstage.v:58]
CRITICAL WARNING: [Synth 8-6859] multi-driven net on pin Q with 1st driver pin 'ifstage/pc2_reg[26]/Q' [C:/Users/jjboy/ArmPipleCPU/ArmPipleCPU.srcs/sources_1/new/ifstage.v:58]
CRITICAL WARNING: [Synth 8-6859] multi-driven net on pin Q with 2nd driver pin 'GND' [C:/Users/jjboy/ArmPipleCPU/ArmPipleCPU.srcs/sources_1/new/ifstage.v:58]
CRITICAL WARNING: [Synth 8-6858] multi-driven net Q is connected to at least one constant driver which has been preserved, other driver is ignored [C:/Users/jjboy/ArmPipleCPU/ArmPipleCPU.srcs/sources_1/new/ifstage.v:58]
CRITICAL WARNING: [Synth 8-6859] multi-driven net on pin Q with 1st driver pin 'ifstage/pc2_reg[25]/Q' [C:/Users/jjboy/ArmPipleCPU/ArmPipleCPU.srcs/sources_1/new/ifstage.v:58]
CRITICAL WARNING: [Synth 8-6859] multi-driven net on pin Q with 2nd driver pin 'GND' [C:/Users/jjboy/ArmPipleCPU/ArmPipleCPU.srcs/sources_1/new/ifstage.v:58]
CRITICAL WARNING: [Synth 8-6858] multi-driven net Q is connected to at least one constant driver which has been preserved, other driver is ignored [C:/Users/jjboy/ArmPipleCPU/ArmPipleCPU.srcs/sources_1/new/ifstage.v:58]
CRITICAL WARNING: [Synth 8-6859] multi-driven net on pin Q with 1st driver pin 'ifstage/pc2_reg[24]/Q' [C:/Users/jjboy/ArmPipleCPU/ArmPipleCPU.srcs/sources_1/new/ifstage.v:58]
CRITICAL WARNING: [Synth 8-6859] multi-driven net on pin Q with 2nd driver pin 'GND' [C:/Users/jjboy/ArmPipleCPU/ArmPipleCPU.srcs/sources_1/new/ifstage.v:58]
CRITICAL WARNING: [Synth 8-6858] multi-driven net Q is connected to at least one constant driver which has been preserved, other driver is ignored [C:/Users/jjboy/ArmPipleCPU/ArmPipleCPU.srcs/sources_1/new/ifstage.v:58]
CRITICAL WARNING: [Synth 8-6859] multi-driven net on pin Q with 1st driver pin 'ifstage/pc2_reg[23]/Q' [C:/Users/jjboy/ArmPipleCPU/ArmPipleCPU.srcs/sources_1/new/ifstage.v:58]
CRITICAL WARNING: [Synth 8-6859] multi-driven net on pin Q with 2nd driver pin 'GND' [C:/Users/jjboy/ArmPipleCPU/ArmPipleCPU.srcs/sources_1/new/ifstage.v:58]
CRITICAL WARNING: [Synth 8-6858] multi-driven net Q is connected to at least one constant driver which has been preserved, other driver is ignored [C:/Users/jjboy/ArmPipleCPU/ArmPipleCPU.srcs/sources_1/new/ifstage.v:58]
CRITICAL WARNING: [Synth 8-6859] multi-driven net on pin Q with 1st driver pin 'ifstage/pc2_reg[22]/Q' [C:/Users/jjboy/ArmPipleCPU/ArmPipleCPU.srcs/sources_1/new/ifstage.v:58]
CRITICAL WARNING: [Synth 8-6859] multi-driven net on pin Q with 2nd driver pin 'GND' [C:/Users/jjboy/ArmPipleCPU/ArmPipleCPU.srcs/sources_1/new/ifstage.v:58]
CRITICAL WARNING: [Synth 8-6858] multi-driven net Q is connected to at least one constant driver which has been preserved, other driver is ignored [C:/Users/jjboy/ArmPipleCPU/ArmPipleCPU.srcs/sources_1/new/ifstage.v:58]
CRITICAL WARNING: [Synth 8-6859] multi-driven net on pin Q with 1st driver pin 'ifstage/pc2_reg[21]/Q' [C:/Users/jjboy/ArmPipleCPU/ArmPipleCPU.srcs/sources_1/new/ifstage.v:58]
CRITICAL WARNING: [Synth 8-6859] multi-driven net on pin Q with 2nd driver pin 'GND' [C:/Users/jjboy/ArmPipleCPU/ArmPipleCPU.srcs/sources_1/new/ifstage.v:58]
CRITICAL WARNING: [Synth 8-6858] multi-driven net Q is connected to at least one constant driver which has been preserved, other driver is ignored [C:/Users/jjboy/ArmPipleCPU/ArmPipleCPU.srcs/sources_1/new/ifstage.v:58]
CRITICAL WARNING: [Synth 8-6859] multi-driven net on pin Q with 1st driver pin 'ifstage/pc2_reg[20]/Q' [C:/Users/jjboy/ArmPipleCPU/ArmPipleCPU.srcs/sources_1/new/ifstage.v:58]
CRITICAL WARNING: [Synth 8-6859] multi-driven net on pin Q with 2nd driver pin 'GND' [C:/Users/jjboy/ArmPipleCPU/ArmPipleCPU.srcs/sources_1/new/ifstage.v:58]
CRITICAL WARNING: [Synth 8-6858] multi-driven net Q is connected to at least one constant driver which has been preserved, other driver is ignored [C:/Users/jjboy/ArmPipleCPU/ArmPipleCPU.srcs/sources_1/new/ifstage.v:58]
CRITICAL WARNING: [Synth 8-6859] multi-driven net on pin Q with 1st driver pin 'ifstage/pc2_reg[19]/Q' [C:/Users/jjboy/ArmPipleCPU/ArmPipleCPU.srcs/sources_1/new/ifstage.v:58]
CRITICAL WARNING: [Synth 8-6859] multi-driven net on pin Q with 2nd driver pin 'GND' [C:/Users/jjboy/ArmPipleCPU/ArmPipleCPU.srcs/sources_1/new/ifstage.v:58]
CRITICAL WARNING: [Synth 8-6858] multi-driven net Q is connected to at least one constant driver which has been preserved, other driver is ignored [C:/Users/jjboy/ArmPipleCPU/ArmPipleCPU.srcs/sources_1/new/ifstage.v:58]
CRITICAL WARNING: [Synth 8-6859] multi-driven net on pin Q with 1st driver pin 'ifstage/pc2_reg[18]/Q' [C:/Users/jjboy/ArmPipleCPU/ArmPipleCPU.srcs/sources_1/new/ifstage.v:58]
CRITICAL WARNING: [Synth 8-6859] multi-driven net on pin Q with 2nd driver pin 'GND' [C:/Users/jjboy/ArmPipleCPU/ArmPipleCPU.srcs/sources_1/new/ifstage.v:58]
CRITICAL WARNING: [Synth 8-6858] multi-driven net Q is connected to at least one constant driver which has been preserved, other driver is ignored [C:/Users/jjboy/ArmPipleCPU/ArmPipleCPU.srcs/sources_1/new/ifstage.v:58]
CRITICAL WARNING: [Synth 8-6859] multi-driven net on pin Q with 1st driver pin 'ifstage/pc2_reg[17]/Q' [C:/Users/jjboy/ArmPipleCPU/ArmPipleCPU.srcs/sources_1/new/ifstage.v:58]
CRITICAL WARNING: [Synth 8-6859] multi-driven net on pin Q with 2nd driver pin 'GND' [C:/Users/jjboy/ArmPipleCPU/ArmPipleCPU.srcs/sources_1/new/ifstage.v:58]
CRITICAL WARNING: [Synth 8-6858] multi-driven net Q is connected to at least one constant driver which has been preserved, other driver is ignored [C:/Users/jjboy/ArmPipleCPU/ArmPipleCPU.srcs/sources_1/new/ifstage.v:58]
CRITICAL WARNING: [Synth 8-6859] multi-driven net on pin Q with 1st driver pin 'ifstage/pc2_reg[16]/Q' [C:/Users/jjboy/ArmPipleCPU/ArmPipleCPU.srcs/sources_1/new/ifstage.v:58]
CRITICAL WARNING: [Synth 8-6859] multi-driven net on pin Q with 2nd driver pin 'GND' [C:/Users/jjboy/ArmPipleCPU/ArmPipleCPU.srcs/sources_1/new/ifstage.v:58]
CRITICAL WARNING: [Synth 8-6858] multi-driven net Q is connected to at least one constant driver which has been preserved, other driver is ignored [C:/Users/jjboy/ArmPipleCPU/ArmPipleCPU.srcs/sources_1/new/ifstage.v:58]
CRITICAL WARNING: [Synth 8-6859] multi-driven net on pin Q with 1st driver pin 'ifstage/pc2_reg[15]/Q' [C:/Users/jjboy/ArmPipleCPU/ArmPipleCPU.srcs/sources_1/new/ifstage.v:58]
CRITICAL WARNING: [Synth 8-6859] multi-driven net on pin Q with 2nd driver pin 'GND' [C:/Users/jjboy/ArmPipleCPU/ArmPipleCPU.srcs/sources_1/new/ifstage.v:58]
CRITICAL WARNING: [Synth 8-6858] multi-driven net Q is connected to at least one constant driver which has been preserved, other driver is ignored [C:/Users/jjboy/ArmPipleCPU/ArmPipleCPU.srcs/sources_1/new/ifstage.v:58]
CRITICAL WARNING: [Synth 8-6859] multi-driven net on pin Q with 1st driver pin 'ifstage/pc2_reg[14]/Q' [C:/Users/jjboy/ArmPipleCPU/ArmPipleCPU.srcs/sources_1/new/ifstage.v:58]
CRITICAL WARNING: [Synth 8-6859] multi-driven net on pin Q with 2nd driver pin 'GND' [C:/Users/jjboy/ArmPipleCPU/ArmPipleCPU.srcs/sources_1/new/ifstage.v:58]
CRITICAL WARNING: [Synth 8-6858] multi-driven net Q is connected to at least one constant driver which has been preserved, other driver is ignored [C:/Users/jjboy/ArmPipleCPU/ArmPipleCPU.srcs/sources_1/new/ifstage.v:58]
CRITICAL WARNING: [Synth 8-6859] multi-driven net on pin Q with 1st driver pin 'ifstage/pc2_reg[13]/Q' [C:/Users/jjboy/ArmPipleCPU/ArmPipleCPU.srcs/sources_1/new/ifstage.v:58]
CRITICAL WARNING: [Synth 8-6859] multi-driven net on pin Q with 2nd driver pin 'GND' [C:/Users/jjboy/ArmPipleCPU/ArmPipleCPU.srcs/sources_1/new/ifstage.v:58]
CRITICAL WARNING: [Synth 8-6858] multi-driven net Q is connected to at least one constant driver which has been preserved, other driver is ignored [C:/Users/jjboy/ArmPipleCPU/ArmPipleCPU.srcs/sources_1/new/ifstage.v:58]
CRITICAL WARNING: [Synth 8-6859] multi-driven net on pin Q with 1st driver pin 'ifstage/pc2_reg[12]/Q' [C:/Users/jjboy/ArmPipleCPU/ArmPipleCPU.srcs/sources_1/new/ifstage.v:58]
CRITICAL WARNING: [Synth 8-6859] multi-driven net on pin Q with 2nd driver pin 'GND' [C:/Users/jjboy/ArmPipleCPU/ArmPipleCPU.srcs/sources_1/new/ifstage.v:58]
CRITICAL WARNING: [Synth 8-6858] multi-driven net Q is connected to at least one constant driver which has been preserved, other driver is ignored [C:/Users/jjboy/ArmPipleCPU/ArmPipleCPU.srcs/sources_1/new/ifstage.v:58]
CRITICAL WARNING: [Synth 8-6859] multi-driven net on pin Q with 1st driver pin 'ifstage/pc2_reg[11]/Q' [C:/Users/jjboy/ArmPipleCPU/ArmPipleCPU.srcs/sources_1/new/ifstage.v:58]
CRITICAL WARNING: [Synth 8-6859] multi-driven net on pin Q with 2nd driver pin 'GND' [C:/Users/jjboy/ArmPipleCPU/ArmPipleCPU.srcs/sources_1/new/ifstage.v:58]
CRITICAL WARNING: [Synth 8-6858] multi-driven net Q is connected to at least one constant driver which has been preserved, other driver is ignored [C:/Users/jjboy/ArmPipleCPU/ArmPipleCPU.srcs/sources_1/new/ifstage.v:58]
CRITICAL WARNING: [Synth 8-6859] multi-driven net on pin Q with 1st driver pin 'ifstage/pc2_reg[10]/Q' [C:/Users/jjboy/ArmPipleCPU/ArmPipleCPU.srcs/sources_1/new/ifstage.v:58]
CRITICAL WARNING: [Synth 8-6859] multi-driven net on pin Q with 2nd driver pin 'GND' [C:/Users/jjboy/ArmPipleCPU/ArmPipleCPU.srcs/sources_1/new/ifstage.v:58]
CRITICAL WARNING: [Synth 8-6858] multi-driven net Q is connected to at least one constant driver which has been preserved, other driver is ignored [C:/Users/jjboy/ArmPipleCPU/ArmPipleCPU.srcs/sources_1/new/ifstage.v:58]
CRITICAL WARNING: [Synth 8-6859] multi-driven net on pin Q with 1st driver pin 'ifstage/pc2_reg[9]/Q' [C:/Users/jjboy/ArmPipleCPU/ArmPipleCPU.srcs/sources_1/new/ifstage.v:58]
CRITICAL WARNING: [Synth 8-6859] multi-driven net on pin Q with 2nd driver pin 'GND' [C:/Users/jjboy/ArmPipleCPU/ArmPipleCPU.srcs/sources_1/new/ifstage.v:58]
CRITICAL WARNING: [Synth 8-6858] multi-driven net Q is connected to at least one constant driver which has been preserved, other driver is ignored [C:/Users/jjboy/ArmPipleCPU/ArmPipleCPU.srcs/sources_1/new/ifstage.v:58]
CRITICAL WARNING: [Synth 8-6859] multi-driven net on pin Q with 1st driver pin 'ifstage/pc2_reg[8]/Q' [C:/Users/jjboy/ArmPipleCPU/ArmPipleCPU.srcs/sources_1/new/ifstage.v:58]
CRITICAL WARNING: [Synth 8-6859] multi-driven net on pin Q with 2nd driver pin 'GND' [C:/Users/jjboy/ArmPipleCPU/ArmPipleCPU.srcs/sources_1/new/ifstage.v:58]
CRITICAL WARNING: [Synth 8-6858] multi-driven net Q is connected to at least one constant driver which has been preserved, other driver is ignored [C:/Users/jjboy/ArmPipleCPU/ArmPipleCPU.srcs/sources_1/new/ifstage.v:58]
CRITICAL WARNING: [Synth 8-6859] multi-driven net on pin Q with 1st driver pin 'ifstage/pc2_reg[7]/Q' [C:/Users/jjboy/ArmPipleCPU/ArmPipleCPU.srcs/sources_1/new/ifstage.v:58]
CRITICAL WARNING: [Synth 8-6859] multi-driven net on pin Q with 2nd driver pin 'GND' [C:/Users/jjboy/ArmPipleCPU/ArmPipleCPU.srcs/sources_1/new/ifstage.v:58]
CRITICAL WARNING: [Synth 8-6858] multi-driven net Q is connected to at least one constant driver which has been preserved, other driver is ignored [C:/Users/jjboy/ArmPipleCPU/ArmPipleCPU.srcs/sources_1/new/ifstage.v:58]
CRITICAL WARNING: [Synth 8-6859] multi-driven net on pin Q with 1st driver pin 'ifstage/pc2_reg[6]/Q' [C:/Users/jjboy/ArmPipleCPU/ArmPipleCPU.srcs/sources_1/new/ifstage.v:58]
CRITICAL WARNING: [Synth 8-6859] multi-driven net on pin Q with 2nd driver pin 'GND' [C:/Users/jjboy/ArmPipleCPU/ArmPipleCPU.srcs/sources_1/new/ifstage.v:58]
CRITICAL WARNING: [Synth 8-6858] multi-driven net Q is connected to at least one constant driver which has been preserved, other driver is ignored [C:/Users/jjboy/ArmPipleCPU/ArmPipleCPU.srcs/sources_1/new/ifstage.v:58]
CRITICAL WARNING: [Synth 8-6859] multi-driven net on pin Q with 1st driver pin 'ifstage/pc2_reg[5]/Q' [C:/Users/jjboy/ArmPipleCPU/ArmPipleCPU.srcs/sources_1/new/ifstage.v:58]
CRITICAL WARNING: [Synth 8-6859] multi-driven net on pin Q with 2nd driver pin 'GND' [C:/Users/jjboy/ArmPipleCPU/ArmPipleCPU.srcs/sources_1/new/ifstage.v:58]
CRITICAL WARNING: [Synth 8-6858] multi-driven net Q is connected to at least one constant driver which has been preserved, other driver is ignored [C:/Users/jjboy/ArmPipleCPU/ArmPipleCPU.srcs/sources_1/new/ifstage.v:58]
CRITICAL WARNING: [Synth 8-6859] multi-driven net on pin Q with 1st driver pin 'ifstage/pc2_reg[4]/Q' [C:/Users/jjboy/ArmPipleCPU/ArmPipleCPU.srcs/sources_1/new/ifstage.v:58]
CRITICAL WARNING: [Synth 8-6859] multi-driven net on pin Q with 2nd driver pin 'GND' [C:/Users/jjboy/ArmPipleCPU/ArmPipleCPU.srcs/sources_1/new/ifstage.v:58]
CRITICAL WARNING: [Synth 8-6858] multi-driven net Q is connected to at least one constant driver which has been preserved, other driver is ignored [C:/Users/jjboy/ArmPipleCPU/ArmPipleCPU.srcs/sources_1/new/ifstage.v:58]
CRITICAL WARNING: [Synth 8-6859] multi-driven net on pin Q with 1st driver pin 'ifstage/pc2_reg[3]/Q' [C:/Users/jjboy/ArmPipleCPU/ArmPipleCPU.srcs/sources_1/new/ifstage.v:58]
CRITICAL WARNING: [Synth 8-6859] multi-driven net on pin Q with 2nd driver pin 'GND' [C:/Users/jjboy/ArmPipleCPU/ArmPipleCPU.srcs/sources_1/new/ifstage.v:58]
CRITICAL WARNING: [Synth 8-6858] multi-driven net Q is connected to at least one constant driver which has been preserved, other driver is ignored [C:/Users/jjboy/ArmPipleCPU/ArmPipleCPU.srcs/sources_1/new/ifstage.v:58]
CRITICAL WARNING: [Synth 8-6859] multi-driven net on pin Q with 1st driver pin 'ifstage/pc2_reg[2]/Q' [C:/Users/jjboy/ArmPipleCPU/ArmPipleCPU.srcs/sources_1/new/ifstage.v:58]
CRITICAL WARNING: [Synth 8-6859] multi-driven net on pin Q with 2nd driver pin 'GND' [C:/Users/jjboy/ArmPipleCPU/ArmPipleCPU.srcs/sources_1/new/ifstage.v:58]
CRITICAL WARNING: [Synth 8-6858] multi-driven net Q is connected to at least one constant driver which has been preserved, other driver is ignored [C:/Users/jjboy/ArmPipleCPU/ArmPipleCPU.srcs/sources_1/new/ifstage.v:58]
CRITICAL WARNING: [Synth 8-6859] multi-driven net on pin Q with 1st driver pin 'ifstage/pc2_reg[1]/Q' [C:/Users/jjboy/ArmPipleCPU/ArmPipleCPU.srcs/sources_1/new/ifstage.v:58]
CRITICAL WARNING: [Synth 8-6859] multi-driven net on pin Q with 2nd driver pin 'GND' [C:/Users/jjboy/ArmPipleCPU/ArmPipleCPU.srcs/sources_1/new/ifstage.v:58]
CRITICAL WARNING: [Synth 8-6858] multi-driven net Q is connected to at least one constant driver which has been preserved, other driver is ignored [C:/Users/jjboy/ArmPipleCPU/ArmPipleCPU.srcs/sources_1/new/ifstage.v:58]
CRITICAL WARNING: [Synth 8-6859] multi-driven net on pin Q with 1st driver pin 'ifstage/pc2_reg[0]/Q' [C:/Users/jjboy/ArmPipleCPU/ArmPipleCPU.srcs/sources_1/new/ifstage.v:58]
CRITICAL WARNING: [Synth 8-6859] multi-driven net on pin Q with 2nd driver pin 'GND' [C:/Users/jjboy/ArmPipleCPU/ArmPipleCPU.srcs/sources_1/new/ifstage.v:58]
CRITICAL WARNING: [Synth 8-6858] multi-driven net Q is connected to at least one constant driver which has been preserved, other driver is ignored [C:/Users/jjboy/ArmPipleCPU/ArmPipleCPU.srcs/sources_1/new/ifstage.v:58]
CRITICAL WARNING: [Synth 8-6859] multi-driven net on pin Q with 1st driver pin 'ifstage/pc1_reg[31]/Q' [C:/Users/jjboy/ArmPipleCPU/ArmPipleCPU.srcs/sources_1/new/ifstage.v:57]
CRITICAL WARNING: [Synth 8-6859] multi-driven net on pin Q with 2nd driver pin 'GND' [C:/Users/jjboy/ArmPipleCPU/ArmPipleCPU.srcs/sources_1/new/ifstage.v:57]
CRITICAL WARNING: [Synth 8-6858] multi-driven net Q is connected to at least one constant driver which has been preserved, other driver is ignored [C:/Users/jjboy/ArmPipleCPU/ArmPipleCPU.srcs/sources_1/new/ifstage.v:57]
CRITICAL WARNING: [Synth 8-6859] multi-driven net on pin Q with 1st driver pin 'ifstage/pc1_reg[30]/Q' [C:/Users/jjboy/ArmPipleCPU/ArmPipleCPU.srcs/sources_1/new/ifstage.v:57]
CRITICAL WARNING: [Synth 8-6859] multi-driven net on pin Q with 2nd driver pin 'GND' [C:/Users/jjboy/ArmPipleCPU/ArmPipleCPU.srcs/sources_1/new/ifstage.v:57]
CRITICAL WARNING: [Synth 8-6858] multi-driven net Q is connected to at least one constant driver which has been preserved, other driver is ignored [C:/Users/jjboy/ArmPipleCPU/ArmPipleCPU.srcs/sources_1/new/ifstage.v:57]
CRITICAL WARNING: [Synth 8-6859] multi-driven net on pin Q with 1st driver pin 'ifstage/pc1_reg[29]/Q' [C:/Users/jjboy/ArmPipleCPU/ArmPipleCPU.srcs/sources_1/new/ifstage.v:57]
CRITICAL WARNING: [Synth 8-6859] multi-driven net on pin Q with 2nd driver pin 'GND' [C:/Users/jjboy/ArmPipleCPU/ArmPipleCPU.srcs/sources_1/new/ifstage.v:57]
CRITICAL WARNING: [Synth 8-6858] multi-driven net Q is connected to at least one constant driver which has been preserved, other driver is ignored [C:/Users/jjboy/ArmPipleCPU/ArmPipleCPU.srcs/sources_1/new/ifstage.v:57]
CRITICAL WARNING: [Synth 8-6859] multi-driven net on pin Q with 1st driver pin 'ifstage/pc1_reg[28]/Q' [C:/Users/jjboy/ArmPipleCPU/ArmPipleCPU.srcs/sources_1/new/ifstage.v:57]
CRITICAL WARNING: [Synth 8-6859] multi-driven net on pin Q with 2nd driver pin 'GND' [C:/Users/jjboy/ArmPipleCPU/ArmPipleCPU.srcs/sources_1/new/ifstage.v:57]
CRITICAL WARNING: [Synth 8-6858] multi-driven net Q is connected to at least one constant driver which has been preserved, other driver is ignored [C:/Users/jjboy/ArmPipleCPU/ArmPipleCPU.srcs/sources_1/new/ifstage.v:57]
CRITICAL WARNING: [Synth 8-6859] multi-driven net on pin Q with 1st driver pin 'ifstage/pc1_reg[27]/Q' [C:/Users/jjboy/ArmPipleCPU/ArmPipleCPU.srcs/sources_1/new/ifstage.v:57]
CRITICAL WARNING: [Synth 8-6859] multi-driven net on pin Q with 2nd driver pin 'GND' [C:/Users/jjboy/ArmPipleCPU/ArmPipleCPU.srcs/sources_1/new/ifstage.v:57]
CRITICAL WARNING: [Synth 8-6858] multi-driven net Q is connected to at least one constant driver which has been preserved, other driver is ignored [C:/Users/jjboy/ArmPipleCPU/ArmPipleCPU.srcs/sources_1/new/ifstage.v:57]
CRITICAL WARNING: [Synth 8-6859] multi-driven net on pin Q with 1st driver pin 'ifstage/pc1_reg[26]/Q' [C:/Users/jjboy/ArmPipleCPU/ArmPipleCPU.srcs/sources_1/new/ifstage.v:57]
CRITICAL WARNING: [Synth 8-6859] multi-driven net on pin Q with 2nd driver pin 'GND' [C:/Users/jjboy/ArmPipleCPU/ArmPipleCPU.srcs/sources_1/new/ifstage.v:57]
CRITICAL WARNING: [Synth 8-6858] multi-driven net Q is connected to at least one constant driver which has been preserved, other driver is ignored [C:/Users/jjboy/ArmPipleCPU/ArmPipleCPU.srcs/sources_1/new/ifstage.v:57]
CRITICAL WARNING: [Synth 8-6859] multi-driven net on pin Q with 1st driver pin 'ifstage/pc1_reg[25]/Q' [C:/Users/jjboy/ArmPipleCPU/ArmPipleCPU.srcs/sources_1/new/ifstage.v:57]
CRITICAL WARNING: [Synth 8-6859] multi-driven net on pin Q with 2nd driver pin 'GND' [C:/Users/jjboy/ArmPipleCPU/ArmPipleCPU.srcs/sources_1/new/ifstage.v:57]
CRITICAL WARNING: [Synth 8-6858] multi-driven net Q is connected to at least one constant driver which has been preserved, other driver is ignored [C:/Users/jjboy/ArmPipleCPU/ArmPipleCPU.srcs/sources_1/new/ifstage.v:57]
CRITICAL WARNING: [Synth 8-6859] multi-driven net on pin Q with 1st driver pin 'ifstage/pc1_reg[24]/Q' [C:/Users/jjboy/ArmPipleCPU/ArmPipleCPU.srcs/sources_1/new/ifstage.v:57]
CRITICAL WARNING: [Synth 8-6859] multi-driven net on pin Q with 2nd driver pin 'GND' [C:/Users/jjboy/ArmPipleCPU/ArmPipleCPU.srcs/sources_1/new/ifstage.v:57]
CRITICAL WARNING: [Synth 8-6858] multi-driven net Q is connected to at least one constant driver which has been preserved, other driver is ignored [C:/Users/jjboy/ArmPipleCPU/ArmPipleCPU.srcs/sources_1/new/ifstage.v:57]
CRITICAL WARNING: [Synth 8-6859] multi-driven net on pin Q with 1st driver pin 'ifstage/pc1_reg[23]/Q' [C:/Users/jjboy/ArmPipleCPU/ArmPipleCPU.srcs/sources_1/new/ifstage.v:57]
CRITICAL WARNING: [Synth 8-6859] multi-driven net on pin Q with 2nd driver pin 'GND' [C:/Users/jjboy/ArmPipleCPU/ArmPipleCPU.srcs/sources_1/new/ifstage.v:57]
CRITICAL WARNING: [Synth 8-6858] multi-driven net Q is connected to at least one constant driver which has been preserved, other driver is ignored [C:/Users/jjboy/ArmPipleCPU/ArmPipleCPU.srcs/sources_1/new/ifstage.v:57]
CRITICAL WARNING: [Synth 8-6859] multi-driven net on pin Q with 1st driver pin 'ifstage/pc1_reg[22]/Q' [C:/Users/jjboy/ArmPipleCPU/ArmPipleCPU.srcs/sources_1/new/ifstage.v:57]
CRITICAL WARNING: [Synth 8-6859] multi-driven net on pin Q with 2nd driver pin 'GND' [C:/Users/jjboy/ArmPipleCPU/ArmPipleCPU.srcs/sources_1/new/ifstage.v:57]
CRITICAL WARNING: [Synth 8-6858] multi-driven net Q is connected to at least one constant driver which has been preserved, other driver is ignored [C:/Users/jjboy/ArmPipleCPU/ArmPipleCPU.srcs/sources_1/new/ifstage.v:57]
CRITICAL WARNING: [Synth 8-6859] multi-driven net on pin Q with 1st driver pin 'ifstage/pc1_reg[21]/Q' [C:/Users/jjboy/ArmPipleCPU/ArmPipleCPU.srcs/sources_1/new/ifstage.v:57]
CRITICAL WARNING: [Synth 8-6859] multi-driven net on pin Q with 2nd driver pin 'GND' [C:/Users/jjboy/ArmPipleCPU/ArmPipleCPU.srcs/sources_1/new/ifstage.v:57]
CRITICAL WARNING: [Synth 8-6858] multi-driven net Q is connected to at least one constant driver which has been preserved, other driver is ignored [C:/Users/jjboy/ArmPipleCPU/ArmPipleCPU.srcs/sources_1/new/ifstage.v:57]
CRITICAL WARNING: [Synth 8-6859] multi-driven net on pin Q with 1st driver pin 'ifstage/pc1_reg[20]/Q' [C:/Users/jjboy/ArmPipleCPU/ArmPipleCPU.srcs/sources_1/new/ifstage.v:57]
CRITICAL WARNING: [Synth 8-6859] multi-driven net on pin Q with 2nd driver pin 'GND' [C:/Users/jjboy/ArmPipleCPU/ArmPipleCPU.srcs/sources_1/new/ifstage.v:57]
CRITICAL WARNING: [Synth 8-6858] multi-driven net Q is connected to at least one constant driver which has been preserved, other driver is ignored [C:/Users/jjboy/ArmPipleCPU/ArmPipleCPU.srcs/sources_1/new/ifstage.v:57]
CRITICAL WARNING: [Synth 8-6859] multi-driven net on pin Q with 1st driver pin 'ifstage/pc1_reg[19]/Q' [C:/Users/jjboy/ArmPipleCPU/ArmPipleCPU.srcs/sources_1/new/ifstage.v:57]
CRITICAL WARNING: [Synth 8-6859] multi-driven net on pin Q with 2nd driver pin 'GND' [C:/Users/jjboy/ArmPipleCPU/ArmPipleCPU.srcs/sources_1/new/ifstage.v:57]
CRITICAL WARNING: [Synth 8-6858] multi-driven net Q is connected to at least one constant driver which has been preserved, other driver is ignored [C:/Users/jjboy/ArmPipleCPU/ArmPipleCPU.srcs/sources_1/new/ifstage.v:57]
CRITICAL WARNING: [Synth 8-6859] multi-driven net on pin Q with 1st driver pin 'ifstage/pc1_reg[18]/Q' [C:/Users/jjboy/ArmPipleCPU/ArmPipleCPU.srcs/sources_1/new/ifstage.v:57]
CRITICAL WARNING: [Synth 8-6859] multi-driven net on pin Q with 2nd driver pin 'GND' [C:/Users/jjboy/ArmPipleCPU/ArmPipleCPU.srcs/sources_1/new/ifstage.v:57]
CRITICAL WARNING: [Synth 8-6858] multi-driven net Q is connected to at least one constant driver which has been preserved, other driver is ignored [C:/Users/jjboy/ArmPipleCPU/ArmPipleCPU.srcs/sources_1/new/ifstage.v:57]
CRITICAL WARNING: [Synth 8-6859] multi-driven net on pin Q with 1st driver pin 'ifstage/pc1_reg[17]/Q' [C:/Users/jjboy/ArmPipleCPU/ArmPipleCPU.srcs/sources_1/new/ifstage.v:57]
CRITICAL WARNING: [Synth 8-6859] multi-driven net on pin Q with 2nd driver pin 'GND' [C:/Users/jjboy/ArmPipleCPU/ArmPipleCPU.srcs/sources_1/new/ifstage.v:57]
CRITICAL WARNING: [Synth 8-6858] multi-driven net Q is connected to at least one constant driver which has been preserved, other driver is ignored [C:/Users/jjboy/ArmPipleCPU/ArmPipleCPU.srcs/sources_1/new/ifstage.v:57]
CRITICAL WARNING: [Synth 8-6859] multi-driven net on pin Q with 1st driver pin 'ifstage/pc1_reg[16]/Q' [C:/Users/jjboy/ArmPipleCPU/ArmPipleCPU.srcs/sources_1/new/ifstage.v:57]
CRITICAL WARNING: [Synth 8-6859] multi-driven net on pin Q with 2nd driver pin 'GND' [C:/Users/jjboy/ArmPipleCPU/ArmPipleCPU.srcs/sources_1/new/ifstage.v:57]
CRITICAL WARNING: [Synth 8-6858] multi-driven net Q is connected to at least one constant driver which has been preserved, other driver is ignored [C:/Users/jjboy/ArmPipleCPU/ArmPipleCPU.srcs/sources_1/new/ifstage.v:57]
CRITICAL WARNING: [Synth 8-6859] multi-driven net on pin Q with 1st driver pin 'ifstage/pc1_reg[15]/Q' [C:/Users/jjboy/ArmPipleCPU/ArmPipleCPU.srcs/sources_1/new/ifstage.v:57]
CRITICAL WARNING: [Synth 8-6859] multi-driven net on pin Q with 2nd driver pin 'GND' [C:/Users/jjboy/ArmPipleCPU/ArmPipleCPU.srcs/sources_1/new/ifstage.v:57]
CRITICAL WARNING: [Synth 8-6858] multi-driven net Q is connected to at least one constant driver which has been preserved, other driver is ignored [C:/Users/jjboy/ArmPipleCPU/ArmPipleCPU.srcs/sources_1/new/ifstage.v:57]
CRITICAL WARNING: [Synth 8-6859] multi-driven net on pin Q with 1st driver pin 'ifstage/pc1_reg[14]/Q' [C:/Users/jjboy/ArmPipleCPU/ArmPipleCPU.srcs/sources_1/new/ifstage.v:57]
CRITICAL WARNING: [Synth 8-6859] multi-driven net on pin Q with 2nd driver pin 'GND' [C:/Users/jjboy/ArmPipleCPU/ArmPipleCPU.srcs/sources_1/new/ifstage.v:57]
INFO: [Common 17-14] Message 'Synth 8-6859' appears 100 times and further instances of the messages will be disabled. Use the Tcl command set_msg_config to change the current settings.
CRITICAL WARNING: [Synth 8-6858] multi-driven net Q is connected to at least one constant driver which has been preserved, other driver is ignored [C:/Users/jjboy/ArmPipleCPU/ArmPipleCPU.srcs/sources_1/new/ifstage.v:57]
CRITICAL WARNING: [Synth 8-6858] multi-driven net Q is connected to at least one constant driver which has been preserved, other driver is ignored [C:/Users/jjboy/ArmPipleCPU/ArmPipleCPU.srcs/sources_1/new/ifstage.v:57]
CRITICAL WARNING: [Synth 8-6858] multi-driven net Q is connected to at least one constant driver which has been preserved, other driver is ignored [C:/Users/jjboy/ArmPipleCPU/ArmPipleCPU.srcs/sources_1/new/ifstage.v:57]
CRITICAL WARNING: [Synth 8-6858] multi-driven net Q is connected to at least one constant driver which has been preserved, other driver is ignored [C:/Users/jjboy/ArmPipleCPU/ArmPipleCPU.srcs/sources_1/new/ifstage.v:57]
CRITICAL WARNING: [Synth 8-6858] multi-driven net Q is connected to at least one constant driver which has been preserved, other driver is ignored [C:/Users/jjboy/ArmPipleCPU/ArmPipleCPU.srcs/sources_1/new/ifstage.v:57]
CRITICAL WARNING: [Synth 8-6858] multi-driven net Q is connected to at least one constant driver which has been preserved, other driver is ignored [C:/Users/jjboy/ArmPipleCPU/ArmPipleCPU.srcs/sources_1/new/ifstage.v:57]
CRITICAL WARNING: [Synth 8-6858] multi-driven net Q is connected to at least one constant driver which has been preserved, other driver is ignored [C:/Users/jjboy/ArmPipleCPU/ArmPipleCPU.srcs/sources_1/new/ifstage.v:57]
CRITICAL WARNING: [Synth 8-6858] multi-driven net Q is connected to at least one constant driver which has been preserved, other driver is ignored [C:/Users/jjboy/ArmPipleCPU/ArmPipleCPU.srcs/sources_1/new/ifstage.v:57]
CRITICAL WARNING: [Synth 8-6858] multi-driven net Q is connected to at least one constant driver which has been preserved, other driver is ignored [C:/Users/jjboy/ArmPipleCPU/ArmPipleCPU.srcs/sources_1/new/ifstage.v:57]
CRITICAL WARNING: [Synth 8-6858] multi-driven net Q is connected to at least one constant driver which has been preserved, other driver is ignored [C:/Users/jjboy/ArmPipleCPU/ArmPipleCPU.srcs/sources_1/new/ifstage.v:57]
CRITICAL WARNING: [Synth 8-6858] multi-driven net Q is connected to at least one constant driver which has been preserved, other driver is ignored [C:/Users/jjboy/ArmPipleCPU/ArmPipleCPU.srcs/sources_1/new/ifstage.v:57]
CRITICAL WARNING: [Synth 8-6858] multi-driven net Q is connected to at least one constant driver which has been preserved, other driver is ignored [C:/Users/jjboy/ArmPipleCPU/ArmPipleCPU.srcs/sources_1/new/ifstage.v:57]
CRITICAL WARNING: [Synth 8-6858] multi-driven net Q is connected to at least one constant driver which has been preserved, other driver is ignored [C:/Users/jjboy/ArmPipleCPU/ArmPipleCPU.srcs/sources_1/new/ifstage.v:57]
CRITICAL WARNING: [Synth 8-6858] multi-driven net Q is connected to at least one constant driver which has been preserved, other driver is ignored [C:/Users/jjboy/ArmPipleCPU/ArmPipleCPU.srcs/sources_1/new/ifstage.v:57]
CRITICAL WARNING: [Synth 8-6858] multi-driven net Q is connected to at least one constant driver which has been preserved, other driver is ignored [C:/Users/jjboy/ArmPipleCPU/ArmPipleCPU.srcs/sources_1/new/ifstage.v:57]
---------------------------------------------------------------------------------
Finished Cross Boundary and Area Optimization : Time (s): cpu = 00:00:21 ; elapsed = 00:00:22 . Memory (MB): peak = 1323.406 ; gain = 771.246
---------------------------------------------------------------------------------
---------------------------------------------------------------------------------
Start ROM, RAM, DSP, Shift Register and Retiming Reporting
---------------------------------------------------------------------------------

Distributed RAM: Preliminary Mapping Report (see note below)
+------------+-----------------------------+-----------+----------------------+--------------+
|Module Name | RTL Object                  | Inference | Size (Depth x Width) | Primitives   | 
+------------+-----------------------------+-----------+----------------------+--------------+
|arm         | IDStage/RegFile/regfile_reg | Implied   | 16 x 32              | RAM32M x 18  | 
+------------+-----------------------------+-----------+----------------------+--------------+

Note: The table above is a preliminary report that shows the Distributed RAMs at the current stage of the synthesis flow. Some Distributed RAMs may be reimplemented as non Distributed RAM primitives later in the synthesis flow. Multiple instantiated RAMs are reported only once.
---------------------------------------------------------------------------------
Finished ROM, RAM, DSP, Shift Register and Retiming Reporting
---------------------------------------------------------------------------------
---------------------------------------------------------------------------------
Start Applying XDC Timing Constraints
---------------------------------------------------------------------------------
---------------------------------------------------------------------------------
Finished Applying XDC Timing Constraints : Time (s): cpu = 00:00:27 ; elapsed = 00:00:27 . Memory (MB): peak = 1335.613 ; gain = 783.453
---------------------------------------------------------------------------------
---------------------------------------------------------------------------------
Start Timing Optimization
---------------------------------------------------------------------------------
---------------------------------------------------------------------------------
Finished Timing Optimization : Time (s): cpu = 00:00:37 ; elapsed = 00:00:37 . Memory (MB): peak = 1517.918 ; gain = 965.758
---------------------------------------------------------------------------------
---------------------------------------------------------------------------------
Start ROM, RAM, DSP, Shift Register and Retiming Reporting
---------------------------------------------------------------------------------

Distributed RAM: Final Mapping Report
+------------+-----------------------------+-----------+----------------------+--------------+
|Module Name | RTL Object                  | Inference | Size (Depth x Width) | Primitives   | 
+------------+-----------------------------+-----------+----------------------+--------------+
|arm         | IDStage/RegFile/regfile_reg | Implied   | 16 x 32              | RAM32M x 18  | 
+------------+-----------------------------+-----------+----------------------+--------------+

---------------------------------------------------------------------------------
Finished ROM, RAM, DSP, Shift Register and Retiming Reporting
---------------------------------------------------------------------------------
---------------------------------------------------------------------------------
Start Technology Mapping
---------------------------------------------------------------------------------
---------------------------------------------------------------------------------
Finished Technology Mapping : Time (s): cpu = 00:00:37 ; elapsed = 00:00:38 . Memory (MB): peak = 1517.918 ; gain = 965.758
---------------------------------------------------------------------------------
---------------------------------------------------------------------------------
Start IO Insertion
---------------------------------------------------------------------------------
---------------------------------------------------------------------------------
Start Flattening Before IO Insertion
---------------------------------------------------------------------------------
---------------------------------------------------------------------------------
Finished Flattening Before IO Insertion
---------------------------------------------------------------------------------
---------------------------------------------------------------------------------
Start Final Netlist Cleanup
---------------------------------------------------------------------------------
---------------------------------------------------------------------------------
Finished Final Netlist Cleanup
---------------------------------------------------------------------------------
---------------------------------------------------------------------------------
Finished IO Insertion : Time (s): cpu = 00:00:41 ; elapsed = 00:00:42 . Memory (MB): peak = 1582.973 ; gain = 1030.812
---------------------------------------------------------------------------------
---------------------------------------------------------------------------------
Start Renaming Generated Instances
---------------------------------------------------------------------------------
---------------------------------------------------------------------------------
Finished Renaming Generated Instances : Time (s): cpu = 00:00:41 ; elapsed = 00:00:42 . Memory (MB): peak = 1582.973 ; gain = 1030.812
---------------------------------------------------------------------------------
---------------------------------------------------------------------------------
Start Rebuilding User Hierarchy
---------------------------------------------------------------------------------
---------------------------------------------------------------------------------
Finished Rebuilding User Hierarchy : Time (s): cpu = 00:00:42 ; elapsed = 00:00:42 . Memory (MB): peak = 1582.973 ; gain = 1030.812
---------------------------------------------------------------------------------
---------------------------------------------------------------------------------
Start Renaming Generated Ports
---------------------------------------------------------------------------------
---------------------------------------------------------------------------------
Finished Renaming Generated Ports : Time (s): cpu = 00:00:42 ; elapsed = 00:00:42 . Memory (MB): peak = 1582.973 ; gain = 1030.812
---------------------------------------------------------------------------------
---------------------------------------------------------------------------------
Start Handling Custom Attributes
---------------------------------------------------------------------------------
---------------------------------------------------------------------------------
Finished Handling Custom Attributes : Time (s): cpu = 00:00:42 ; elapsed = 00:00:42 . Memory (MB): peak = 1582.973 ; gain = 1030.812
---------------------------------------------------------------------------------
---------------------------------------------------------------------------------
Start Renaming Generated Nets
---------------------------------------------------------------------------------
---------------------------------------------------------------------------------
Finished Renaming Generated Nets : Time (s): cpu = 00:00:42 ; elapsed = 00:00:42 . Memory (MB): peak = 1582.973 ; gain = 1030.812
---------------------------------------------------------------------------------
---------------------------------------------------------------------------------
Start Writing Synthesis Report
---------------------------------------------------------------------------------

Report BlackBoxes: 
+------+----------------+----------+
|      |BlackBox name   |Instances |
+------+----------------+----------+
|1     |dist_mem_gen_dm |         1|
|2     |dist_mem_im     |         1|
+------+----------------+----------+

Report Cell Usage: 
+------+----------------+------+
|      |Cell            |Count |
+------+----------------+------+
|1     |dist_mem_gen_dm |     1|
|2     |dist_mem_im     |     1|
|3     |BUFG            |     2|
|4     |CARRY4          |     9|
|5     |LUT1            |     2|
|6     |LUT2            |   133|
|7     |LUT3            |   138|
|8     |LUT4            |    59|
|9     |LUT5            |   252|
|10    |LUT6            |   357|
|11    |RAM32M          |    11|
|12    |RAM32X1D        |     4|
|13    |FDCE            |   301|
|14    |LD              |    32|
|15    |IBUF            |     2|
|16    |OBUF            |    65|
+------+----------------+------+
---------------------------------------------------------------------------------
Finished Writing Synthesis Report : Time (s): cpu = 00:00:42 ; elapsed = 00:00:42 . Memory (MB): peak = 1582.973 ; gain = 1030.812
---------------------------------------------------------------------------------
Synthesis finished with 0 errors, 192 critical warnings and 2 warnings.
Synthesis Optimization Runtime : Time (s): cpu = 00:00:33 ; elapsed = 00:00:41 . Memory (MB): peak = 1582.973 ; gain = 939.910
Synthesis Optimization Complete : Time (s): cpu = 00:00:42 ; elapsed = 00:00:42 . Memory (MB): peak = 1582.973 ; gain = 1030.812
INFO: [Project 1-571] Translating synthesized netlist
Netlist sorting complete. Time (s): cpu = 00:00:00 ; elapsed = 00:00:00.016 . Memory (MB): peak = 1592.148 ; gain = 0.000
INFO: [Netlist 29-17] Analyzing 56 Unisim elements for replacement
INFO: [Netlist 29-28] Unisim Transformation completed in 0 CPU seconds
INFO: [Project 1-570] Preparing netlist for logic optimization
INFO: [Opt 31-138] Pushed 1 inverter(s) to 15 load pin(s).
Netlist sorting complete. Time (s): cpu = 00:00:00 ; elapsed = 00:00:00.001 . Memory (MB): peak = 1595.836 ; gain = 0.000
INFO: [Project 1-111] Unisim Transformation Summary:
  A total of 47 instances were transformed.
  LD => LDCE: 32 instances
  RAM32M => RAM32M (inverted pins: WCLK) (RAMD32(x6), RAMS32(x2)): 11 instances
  RAM32X1D => RAM32X1D (inverted pins: WCLK) (RAMD32(x2)): 4 instances

Synth Design complete | Checksum: c96f1dd9
INFO: [Common 17-83] Releasing license: Synthesis
70 Infos, 40 Warnings, 164 Critical Warnings and 0 Errors encountered.
synth_design completed successfully
synth_design: Time (s): cpu = 00:00:46 ; elapsed = 00:00:48 . Memory (MB): peak = 1595.836 ; gain = 1237.387
INFO: [runtcl-6] Synthesis results are not added to the cache due to CRITICAL_WARNING
Write ShapeDB Complete: Time (s): cpu = 00:00:00 ; elapsed = 00:00:00.003 . Memory (MB): peak = 1595.836 ; gain = 0.000
INFO: [Common 17-1381] The checkpoint 'C:/Users/jjboy/ArmPipleCPU/ArmPipleCPU.runs/synth_1/arm.dcp' has been generated.
INFO: [Vivado 12-24828] Executing command : report_utilization -file arm_utilization_synth.rpt -pb arm_utilization_synth.pb
INFO: [Common 17-206] Exiting Vivado at Sat Jun 21 17:39:23 2025...
