Vivado Simulator v2024.2.0
Copyright 1986-2022 Xilinx, Inc. All Rights Reserved.
Copyright 2022-2024 Advanced Micro Devices, Inc. All Rights Reserved.
Running: C:/Xilinx/Vivado/2024.2/bin/unwrapped/win64.o/xelab.exe --incr --debug typical --relax --mt 2 -L xil_defaultlib -L dist_mem_gen_v8_0_15 -L unisims_ver -L unimacro_ver -L secureip -L xpm --snapshot arm1_tb_behav xil_defaultlib.arm1_tb xil_defaultlib.glbl -log elaborate.log 
Using 2 slave threads.
Starting static elaboration
Pass Through NonSizing Optimizer
Completed static elaboration
Starting simulation data flow analysis
Completed simulation data flow analysis
Time Resolution for simulation is 1ps
Compiling module unisims_ver.IBUF
Compiling module unisims_ver.MMCME2_ADV(CLKFBOUT_MULT_F=10.0,...
Compiling module unisims_ver.BUFG
Compiling module xil_defaultlib.clk_wiz_0_clk_wiz
Compiling module xil_defaultlib.clk_wiz_0
Compiling module xil_defaultlib.ifstage
Compiling module xil_defaultlib.IDRegister
Compiling module xil_defaultlib.CtrUnite
Compiling module xil_defaultlib.Mux2_4
Compiling module xil_defaultlib.RegFile
Compiling module xil_defaultlib.Mux2_32
Compiling module xil_defaultlib.Extent
Compiling module xil_defaultlib.IDStage
Compiling module xil_defaultlib.IERegister
Compiling module xil_defaultlib.Mux3_32
Compiling module xil_defaultlib.ALU
Compiling module xil_defaultlib.CondUnite
Compiling module xil_defaultlib.IEStage
Compiling module xil_defaultlib.AMRegister
Compiling module xil_defaultlib.AMStage
Compiling module xil_defaultlib.WBRegister
Compiling module xil_defaultlib.eqcmp(WIDTH=4)
Compiling module xil_defaultlib.hazard
Compiling module xil_defaultlib.arm
Compiling module dist_mem_gen_v8_0_15.dist_mem_gen_v8_0_15(C_FAMILY="a...
Compiling module xil_defaultlib.dist_mem_im
Compiling module dist_mem_gen_v8_0_15.dist_mem_gen_v8_0_15(C_FAMILY="a...
Compiling module xil_defaultlib.dist_mem_gen_dm
Compiling module xil_defaultlib.top
Compiling module xil_defaultlib.arm1_tb
Compiling module xil_defaultlib.glbl
Built simulation snapshot arm1_tb_behav
