
*** Running vivado
    with args -log dist_mem_genrom.vds -m64 -product Vivado -mode batch -messageDb vivado.pb -notrace -source dist_mem_genrom.tcl



****** Vivado v2024.2 (64-bit)
  **** SW Build 5239630 on Fri Nov 08 22:35:27 MST 2024
  **** IP Build 5239520 on Sun Nov 10 16:12:51 MST 2024
  **** SharedData Build 5239561 on Fri Nov 08 14:39:27 MST 2024
  **** Start of session at: Fri Jul  4 11:52:00 2025
    ** Copyright 1986-2022 Xilinx, Inc. All Rights Reserved.
    ** Copyright 2022-2024 Advanced Micro Devices, Inc. All Rights Reserved.

source dist_mem_genrom.tcl -notrace
INFO: [IP_Flow 19-6924] IPCACHE: Running cache check for IP inst: dist_mem_genrom
Command: synth_design -top dist_mem_genrom -part xc7a35tcpg236-1 -incremental_mode off -mode out_of_context
Starting synth_design
Attempting to get a license for feature 'Synthesis' and/or device 'xc7a35t'
INFO: [Common 17-349] Got license for feature 'Synthesis' and/or device 'xc7a35t'
INFO: [Device 21-403] Loading part xc7a35tcpg236-1
INFO: [Synth 8-7079] Multithreading enabled for synth_design using a maximum of 2 processes.
INFO: [Synth 8-7078] Launching helper process for spawning children vivado processes
INFO: [Synth 8-7075] Helper process launched with PID 19344
---------------------------------------------------------------------------------
Starting RTL Elaboration : Time (s): cpu = 00:00:05 ; elapsed = 00:00:05 . Memory (MB): peak = 1017.066 ; gain = 466.547
---------------------------------------------------------------------------------
INFO: [Synth 8-638] synthesizing module 'dist_mem_genrom' [c:/Users/jjboy/ArmPipleCPU/ArmPipleCPU.gen/sources_1/ip/dist_mem_genrom/synth/dist_mem_genrom.vhd:66]
	Parameter C_FAMILY bound to: artix7 - type: string 
	Parameter C_ADDR_WIDTH bound to: 6 - type: integer 
	Parameter C_DEFAULT_DATA bound to: 0 - type: string 
	Parameter C_DEPTH bound to: 64 - type: integer 
	Parameter C_HAS_CLK bound to: 0 - type: integer 
	Parameter C_HAS_D bound to: 0 - type: integer 
	Parameter C_HAS_DPO bound to: 0 - type: integer 
	Parameter C_HAS_DPRA bound to: 0 - type: integer 
	Parameter C_HAS_I_CE bound to: 0 - type: integer 
	Parameter C_HAS_QDPO bound to: 0 - type: integer 
	Parameter C_HAS_QDPO_CE bound to: 0 - type: integer 
	Parameter C_HAS_QDPO_CLK bound to: 0 - type: integer 
	Parameter C_HAS_QDPO_RST bound to: 0 - type: integer 
	Parameter C_HAS_QDPO_SRST bound to: 0 - type: integer 
	Parameter C_HAS_QSPO bound to: 0 - type: integer 
	Parameter C_HAS_QSPO_CE bound to: 0 - type: integer 
	Parameter C_HAS_QSPO_RST bound to: 0 - type: integer 
	Parameter C_HAS_QSPO_SRST bound to: 0 - type: integer 
	Parameter C_HAS_SPO bound to: 1 - type: integer 
	Parameter C_HAS_WE bound to: 0 - type: integer 
	Parameter C_MEM_INIT_FILE bound to: no_coe_file_loaded - type: string 
	Parameter C_ELABORATION_DIR bound to: ./ - type: string 
	Parameter C_MEM_TYPE bound to: 0 - type: integer 
	Parameter C_PIPELINE_STAGES bound to: 0 - type: integer 
	Parameter C_QCE_JOINED bound to: 0 - type: integer 
	Parameter C_QUALIFY_WE bound to: 0 - type: integer 
	Parameter C_READ_MIF bound to: 0 - type: integer 
	Parameter C_REG_A_D_INPUTS bound to: 0 - type: integer 
	Parameter C_REG_DPRA_INPUT bound to: 0 - type: integer 
	Parameter C_SYNC_ENABLE bound to: 1 - type: integer 
	Parameter C_WIDTH bound to: 16 - type: integer 
	Parameter C_PARSER_TYPE bound to: 1 - type: integer 
INFO: [Synth 8-3491] module 'dist_mem_gen_v8_0_15' declared at 'c:/Users/jjboy/ArmPipleCPU/ArmPipleCPU.gen/sources_1/ip/dist_mem_genrom/hdl/dist_mem_gen_v8_0_vhsyn_rfs.vhd:3191' bound to instance 'U0' of component 'dist_mem_gen_v8_0_15' [c:/Users/jjboy/ArmPipleCPU/ArmPipleCPU.gen/sources_1/ip/dist_mem_genrom/synth/dist_mem_genrom.vhd:132]
INFO: [Synth 8-256] done synthesizing module 'dist_mem_genrom' (0#1) [c:/Users/jjboy/ArmPipleCPU/ArmPipleCPU.gen/sources_1/ip/dist_mem_genrom/synth/dist_mem_genrom.vhd:66]
WARNING: [Synth 8-7129] Port qspo[15] in module rom is either unconnected or has no load
WARNING: [Synth 8-7129] Port qspo[14] in module rom is either unconnected or has no load
WARNING: [Synth 8-7129] Port qspo[13] in module rom is either unconnected or has no load
WARNING: [Synth 8-7129] Port qspo[12] in module rom is either unconnected or has no load
WARNING: [Synth 8-7129] Port qspo[11] in module rom is either unconnected or has no load
WARNING: [Synth 8-7129] Port qspo[10] in module rom is either unconnected or has no load
WARNING: [Synth 8-7129] Port qspo[9] in module rom is either unconnected or has no load
WARNING: [Synth 8-7129] Port qspo[8] in module rom is either unconnected or has no load
WARNING: [Synth 8-7129] Port qspo[7] in module rom is either unconnected or has no load
WARNING: [Synth 8-7129] Port qspo[6] in module rom is either unconnected or has no load
WARNING: [Synth 8-7129] Port qspo[5] in module rom is either unconnected or has no load
WARNING: [Synth 8-7129] Port qspo[4] in module rom is either unconnected or has no load
WARNING: [Synth 8-7129] Port qspo[3] in module rom is either unconnected or has no load
WARNING: [Synth 8-7129] Port qspo[2] in module rom is either unconnected or has no load
WARNING: [Synth 8-7129] Port qspo[1] in module rom is either unconnected or has no load
WARNING: [Synth 8-7129] Port qspo[0] in module rom is either unconnected or has no load
WARNING: [Synth 8-7129] Port a[5] in module rom is either unconnected or has no load
WARNING: [Synth 8-7129] Port a[4] in module rom is either unconnected or has no load
WARNING: [Synth 8-7129] Port a[3] in module rom is either unconnected or has no load
WARNING: [Synth 8-7129] Port a[2] in module rom is either unconnected or has no load
WARNING: [Synth 8-7129] Port a[1] in module rom is either unconnected or has no load
WARNING: [Synth 8-7129] Port a[0] in module rom is either unconnected or has no load
WARNING: [Synth 8-7129] Port clk in module rom is either unconnected or has no load
WARNING: [Synth 8-7129] Port qspo_ce in module rom is either unconnected or has no load
WARNING: [Synth 8-7129] Port qspo_rst in module rom is either unconnected or has no load
WARNING: [Synth 8-7129] Port qspo_srst in module rom is either unconnected or has no load
WARNING: [Synth 8-7129] Port dpo[15] in module dist_mem_gen_v8_0_15_synth is either unconnected or has no load
WARNING: [Synth 8-7129] Port dpo[14] in module dist_mem_gen_v8_0_15_synth is either unconnected or has no load
WARNING: [Synth 8-7129] Port dpo[13] in module dist_mem_gen_v8_0_15_synth is either unconnected or has no load
WARNING: [Synth 8-7129] Port dpo[12] in module dist_mem_gen_v8_0_15_synth is either unconnected or has no load
WARNING: [Synth 8-7129] Port dpo[11] in module dist_mem_gen_v8_0_15_synth is either unconnected or has no load
WARNING: [Synth 8-7129] Port dpo[10] in module dist_mem_gen_v8_0_15_synth is either unconnected or has no load
WARNING: [Synth 8-7129] Port dpo[9] in module dist_mem_gen_v8_0_15_synth is either unconnected or has no load
WARNING: [Synth 8-7129] Port dpo[8] in module dist_mem_gen_v8_0_15_synth is either unconnected or has no load
WARNING: [Synth 8-7129] Port dpo[7] in module dist_mem_gen_v8_0_15_synth is either unconnected or has no load
WARNING: [Synth 8-7129] Port dpo[6] in module dist_mem_gen_v8_0_15_synth is either unconnected or has no load
WARNING: [Synth 8-7129] Port dpo[5] in module dist_mem_gen_v8_0_15_synth is either unconnected or has no load
WARNING: [Synth 8-7129] Port dpo[4] in module dist_mem_gen_v8_0_15_synth is either unconnected or has no load
WARNING: [Synth 8-7129] Port dpo[3] in module dist_mem_gen_v8_0_15_synth is either unconnected or has no load
WARNING: [Synth 8-7129] Port dpo[2] in module dist_mem_gen_v8_0_15_synth is either unconnected or has no load
WARNING: [Synth 8-7129] Port dpo[1] in module dist_mem_gen_v8_0_15_synth is either unconnected or has no load
WARNING: [Synth 8-7129] Port dpo[0] in module dist_mem_gen_v8_0_15_synth is either unconnected or has no load
WARNING: [Synth 8-7129] Port qdpo[15] in module dist_mem_gen_v8_0_15_synth is either unconnected or has no load
WARNING: [Synth 8-7129] Port qdpo[14] in module dist_mem_gen_v8_0_15_synth is either unconnected or has no load
WARNING: [Synth 8-7129] Port qdpo[13] in module dist_mem_gen_v8_0_15_synth is either unconnected or has no load
WARNING: [Synth 8-7129] Port qdpo[12] in module dist_mem_gen_v8_0_15_synth is either unconnected or has no load
WARNING: [Synth 8-7129] Port qdpo[11] in module dist_mem_gen_v8_0_15_synth is either unconnected or has no load
WARNING: [Synth 8-7129] Port qdpo[10] in module dist_mem_gen_v8_0_15_synth is either unconnected or has no load
WARNING: [Synth 8-7129] Port qdpo[9] in module dist_mem_gen_v8_0_15_synth is either unconnected or has no load
WARNING: [Synth 8-7129] Port qdpo[8] in module dist_mem_gen_v8_0_15_synth is either unconnected or has no load
WARNING: [Synth 8-7129] Port qdpo[7] in module dist_mem_gen_v8_0_15_synth is either unconnected or has no load
WARNING: [Synth 8-7129] Port qdpo[6] in module dist_mem_gen_v8_0_15_synth is either unconnected or has no load
WARNING: [Synth 8-7129] Port qdpo[5] in module dist_mem_gen_v8_0_15_synth is either unconnected or has no load
WARNING: [Synth 8-7129] Port qdpo[4] in module dist_mem_gen_v8_0_15_synth is either unconnected or has no load
WARNING: [Synth 8-7129] Port qdpo[3] in module dist_mem_gen_v8_0_15_synth is either unconnected or has no load
WARNING: [Synth 8-7129] Port qdpo[2] in module dist_mem_gen_v8_0_15_synth is either unconnected or has no load
WARNING: [Synth 8-7129] Port qdpo[1] in module dist_mem_gen_v8_0_15_synth is either unconnected or has no load
WARNING: [Synth 8-7129] Port qdpo[0] in module dist_mem_gen_v8_0_15_synth is either unconnected or has no load
WARNING: [Synth 8-7129] Port d[15] in module dist_mem_gen_v8_0_15_synth is either unconnected or has no load
WARNING: [Synth 8-7129] Port d[14] in module dist_mem_gen_v8_0_15_synth is either unconnected or has no load
WARNING: [Synth 8-7129] Port d[13] in module dist_mem_gen_v8_0_15_synth is either unconnected or has no load
WARNING: [Synth 8-7129] Port d[12] in module dist_mem_gen_v8_0_15_synth is either unconnected or has no load
WARNING: [Synth 8-7129] Port d[11] in module dist_mem_gen_v8_0_15_synth is either unconnected or has no load
WARNING: [Synth 8-7129] Port d[10] in module dist_mem_gen_v8_0_15_synth is either unconnected or has no load
WARNING: [Synth 8-7129] Port d[9] in module dist_mem_gen_v8_0_15_synth is either unconnected or has no load
WARNING: [Synth 8-7129] Port d[8] in module dist_mem_gen_v8_0_15_synth is either unconnected or has no load
WARNING: [Synth 8-7129] Port d[7] in module dist_mem_gen_v8_0_15_synth is either unconnected or has no load
WARNING: [Synth 8-7129] Port d[6] in module dist_mem_gen_v8_0_15_synth is either unconnected or has no load
WARNING: [Synth 8-7129] Port d[5] in module dist_mem_gen_v8_0_15_synth is either unconnected or has no load
WARNING: [Synth 8-7129] Port d[4] in module dist_mem_gen_v8_0_15_synth is either unconnected or has no load
WARNING: [Synth 8-7129] Port d[3] in module dist_mem_gen_v8_0_15_synth is either unconnected or has no load
WARNING: [Synth 8-7129] Port d[2] in module dist_mem_gen_v8_0_15_synth is either unconnected or has no load
WARNING: [Synth 8-7129] Port d[1] in module dist_mem_gen_v8_0_15_synth is either unconnected or has no load
WARNING: [Synth 8-7129] Port d[0] in module dist_mem_gen_v8_0_15_synth is either unconnected or has no load
WARNING: [Synth 8-7129] Port dpra[5] in module dist_mem_gen_v8_0_15_synth is either unconnected or has no load
WARNING: [Synth 8-7129] Port dpra[4] in module dist_mem_gen_v8_0_15_synth is either unconnected or has no load
WARNING: [Synth 8-7129] Port dpra[3] in module dist_mem_gen_v8_0_15_synth is either unconnected or has no load
WARNING: [Synth 8-7129] Port dpra[2] in module dist_mem_gen_v8_0_15_synth is either unconnected or has no load
WARNING: [Synth 8-7129] Port dpra[1] in module dist_mem_gen_v8_0_15_synth is either unconnected or has no load
WARNING: [Synth 8-7129] Port dpra[0] in module dist_mem_gen_v8_0_15_synth is either unconnected or has no load
WARNING: [Synth 8-7129] Port we in module dist_mem_gen_v8_0_15_synth is either unconnected or has no load
WARNING: [Synth 8-7129] Port i_ce in module dist_mem_gen_v8_0_15_synth is either unconnected or has no load
WARNING: [Synth 8-7129] Port qdpo_ce in module dist_mem_gen_v8_0_15_synth is either unconnected or has no load
WARNING: [Synth 8-7129] Port qdpo_clk in module dist_mem_gen_v8_0_15_synth is either unconnected or has no load
WARNING: [Synth 8-7129] Port qdpo_rst in module dist_mem_gen_v8_0_15_synth is either unconnected or has no load
WARNING: [Synth 8-7129] Port qdpo_srst in module dist_mem_gen_v8_0_15_synth is either unconnected or has no load
WARNING: [Synth 8-7129] Port d[15] in module dist_mem_gen_v8_0_15 is either unconnected or has no load
WARNING: [Synth 8-7129] Port d[14] in module dist_mem_gen_v8_0_15 is either unconnected or has no load
WARNING: [Synth 8-7129] Port d[13] in module dist_mem_gen_v8_0_15 is either unconnected or has no load
WARNING: [Synth 8-7129] Port d[12] in module dist_mem_gen_v8_0_15 is either unconnected or has no load
WARNING: [Synth 8-7129] Port d[11] in module dist_mem_gen_v8_0_15 is either unconnected or has no load
WARNING: [Synth 8-7129] Port d[10] in module dist_mem_gen_v8_0_15 is either unconnected or has no load
WARNING: [Synth 8-7129] Port d[9] in module dist_mem_gen_v8_0_15 is either unconnected or has no load
WARNING: [Synth 8-7129] Port d[8] in module dist_mem_gen_v8_0_15 is either unconnected or has no load
WARNING: [Synth 8-7129] Port d[7] in module dist_mem_gen_v8_0_15 is either unconnected or has no load
WARNING: [Synth 8-7129] Port d[6] in module dist_mem_gen_v8_0_15 is either unconnected or has no load
WARNING: [Synth 8-7129] Port d[5] in module dist_mem_gen_v8_0_15 is either unconnected or has no load
WARNING: [Synth 8-7129] Port d[4] in module dist_mem_gen_v8_0_15 is either unconnected or has no load
WARNING: [Synth 8-7129] Port d[3] in module dist_mem_gen_v8_0_15 is either unconnected or has no load
WARNING: [Synth 8-7129] Port d[2] in module dist_mem_gen_v8_0_15 is either unconnected or has no load
INFO: [Common 17-14] Message 'Synth 8-7129' appears 100 times and further instances of the messages will be disabled. Use the Tcl command set_msg_config to change the current settings.
---------------------------------------------------------------------------------
Finished RTL Elaboration : Time (s): cpu = 00:00:07 ; elapsed = 00:00:07 . Memory (MB): peak = 1125.730 ; gain = 575.211
---------------------------------------------------------------------------------
---------------------------------------------------------------------------------
Start Handling Custom Attributes
---------------------------------------------------------------------------------
---------------------------------------------------------------------------------
Finished Handling Custom Attributes : Time (s): cpu = 00:00:07 ; elapsed = 00:00:07 . Memory (MB): peak = 1125.730 ; gain = 575.211
---------------------------------------------------------------------------------
---------------------------------------------------------------------------------
Finished RTL Optimization Phase 1 : Time (s): cpu = 00:00:07 ; elapsed = 00:00:07 . Memory (MB): peak = 1125.730 ; gain = 575.211
---------------------------------------------------------------------------------
Netlist sorting complete. Time (s): cpu = 00:00:00 ; elapsed = 00:00:00.001 . Memory (MB): peak = 1125.730 ; gain = 0.000
INFO: [Project 1-570] Preparing netlist for logic optimization

Processing XDC Constraints
Initializing timing engine
Parsing XDC File [c:/Users/jjboy/ArmPipleCPU/ArmPipleCPU.gen/sources_1/ip/dist_mem_genrom/dist_mem_genrom_ooc.xdc] for cell 'U0'
Finished Parsing XDC File [c:/Users/jjboy/ArmPipleCPU/ArmPipleCPU.gen/sources_1/ip/dist_mem_genrom/dist_mem_genrom_ooc.xdc] for cell 'U0'
Parsing XDC File [C:/Users/jjboy/ArmPipleCPU/ArmPipleCPU.runs/dist_mem_genrom_synth_1/dont_touch.xdc]
Finished Parsing XDC File [C:/Users/jjboy/ArmPipleCPU/ArmPipleCPU.runs/dist_mem_genrom_synth_1/dont_touch.xdc]
Completed Processing XDC Constraints

Netlist sorting complete. Time (s): cpu = 00:00:00 ; elapsed = 00:00:00 . Memory (MB): peak = 1125.730 ; gain = 0.000
INFO: [Project 1-111] Unisim Transformation Summary:
No Unisim elements were transformed.

Constraint Validation Runtime : Time (s): cpu = 00:00:00 ; elapsed = 00:00:00.012 . Memory (MB): peak = 1125.730 ; gain = 0.000
INFO: [Designutils 20-5008] Incremental synthesis strategy off
---------------------------------------------------------------------------------
Finished Constraint Validation : Time (s): cpu = 00:00:14 ; elapsed = 00:00:15 . Memory (MB): peak = 1125.730 ; gain = 575.211
---------------------------------------------------------------------------------
---------------------------------------------------------------------------------
Start Loading Part and Timing Information
---------------------------------------------------------------------------------
Loading part: xc7a35tcpg236-1
---------------------------------------------------------------------------------
Finished Loading Part and Timing Information : Time (s): cpu = 00:00:14 ; elapsed = 00:00:15 . Memory (MB): peak = 1125.730 ; gain = 575.211
---------------------------------------------------------------------------------
---------------------------------------------------------------------------------
Start Applying 'set_property' XDC Constraints
---------------------------------------------------------------------------------
Applied set_property KEEP_HIERARCHY = SOFT for U0. (constraint file  C:/Users/jjboy/ArmPipleCPU/ArmPipleCPU.runs/dist_mem_genrom_synth_1/dont_touch.xdc, line 9).
---------------------------------------------------------------------------------
Finished applying 'set_property' XDC Constraints : Time (s): cpu = 00:00:14 ; elapsed = 00:00:15 . Memory (MB): peak = 1125.730 ; gain = 575.211
---------------------------------------------------------------------------------
---------------------------------------------------------------------------------
Finished RTL Optimization Phase 2 : Time (s): cpu = 00:00:14 ; elapsed = 00:00:15 . Memory (MB): peak = 1125.730 ; gain = 575.211
---------------------------------------------------------------------------------
---------------------------------------------------------------------------------
Start RTL Component Statistics 
---------------------------------------------------------------------------------
Detailed RTL Component Info : 
---------------------------------------------------------------------------------
Finished RTL Component Statistics 
---------------------------------------------------------------------------------
---------------------------------------------------------------------------------
Start Part Resource Summary
---------------------------------------------------------------------------------
Part Resources:
DSPs: 90 (col length:60)
BRAMs: 100 (col length: RAMB18 60 RAMB36 30)
---------------------------------------------------------------------------------
Finished Part Resource Summary
---------------------------------------------------------------------------------
---------------------------------------------------------------------------------
Start Cross Boundary and Area Optimization
---------------------------------------------------------------------------------
WARNING: [Synth 8-7080] Parallel synthesis criteria is not met
---------------------------------------------------------------------------------
Finished Cross Boundary and Area Optimization : Time (s): cpu = 00:00:16 ; elapsed = 00:00:16 . Memory (MB): peak = 1128.750 ; gain = 578.230
---------------------------------------------------------------------------------
---------------------------------------------------------------------------------
Start Applying XDC Timing Constraints
---------------------------------------------------------------------------------
CRITICAL WARNING: [Synth 8-3321] create_clock attempting to set clock on an unknown port/pin for constraint at line 53 of c:/Users/jjboy/ArmPipleCPU/ArmPipleCPU.gen/sources_1/ip/dist_mem_genrom/dist_mem_genrom_ooc.xdc. [c:/Users/jjboy/ArmPipleCPU/ArmPipleCPU.gen/sources_1/ip/dist_mem_genrom/dist_mem_genrom_ooc.xdc:53]
---------------------------------------------------------------------------------
Finished Applying XDC Timing Constraints : Time (s): cpu = 00:00:21 ; elapsed = 00:00:22 . Memory (MB): peak = 1298.949 ; gain = 748.430
---------------------------------------------------------------------------------
---------------------------------------------------------------------------------
Start Timing Optimization
---------------------------------------------------------------------------------
---------------------------------------------------------------------------------
Finished Timing Optimization : Time (s): cpu = 00:00:21 ; elapsed = 00:00:22 . Memory (MB): peak = 1298.949 ; gain = 748.430
---------------------------------------------------------------------------------
---------------------------------------------------------------------------------
Start Technology Mapping
---------------------------------------------------------------------------------
---------------------------------------------------------------------------------
Finished Technology Mapping : Time (s): cpu = 00:00:21 ; elapsed = 00:00:22 . Memory (MB): peak = 1308.527 ; gain = 758.008
---------------------------------------------------------------------------------
---------------------------------------------------------------------------------
Start IO Insertion
---------------------------------------------------------------------------------
---------------------------------------------------------------------------------
Start Flattening Before IO Insertion
---------------------------------------------------------------------------------
---------------------------------------------------------------------------------
Finished Flattening Before IO Insertion
---------------------------------------------------------------------------------
---------------------------------------------------------------------------------
Start Final Netlist Cleanup
---------------------------------------------------------------------------------
---------------------------------------------------------------------------------
Finished Final Netlist Cleanup
---------------------------------------------------------------------------------
---------------------------------------------------------------------------------
Finished IO Insertion : Time (s): cpu = 00:00:24 ; elapsed = 00:00:25 . Memory (MB): peak = 1524.887 ; gain = 974.367
---------------------------------------------------------------------------------
---------------------------------------------------------------------------------
Start Renaming Generated Instances
---------------------------------------------------------------------------------
---------------------------------------------------------------------------------
Finished Renaming Generated Instances : Time (s): cpu = 00:00:24 ; elapsed = 00:00:25 . Memory (MB): peak = 1524.887 ; gain = 974.367
---------------------------------------------------------------------------------
---------------------------------------------------------------------------------
Start Rebuilding User Hierarchy
---------------------------------------------------------------------------------
---------------------------------------------------------------------------------
Finished Rebuilding User Hierarchy : Time (s): cpu = 00:00:24 ; elapsed = 00:00:25 . Memory (MB): peak = 1524.887 ; gain = 974.367
---------------------------------------------------------------------------------
---------------------------------------------------------------------------------
Start Renaming Generated Ports
---------------------------------------------------------------------------------
---------------------------------------------------------------------------------
Finished Renaming Generated Ports : Time (s): cpu = 00:00:24 ; elapsed = 00:00:25 . Memory (MB): peak = 1524.887 ; gain = 974.367
---------------------------------------------------------------------------------
---------------------------------------------------------------------------------
Start Handling Custom Attributes
---------------------------------------------------------------------------------
---------------------------------------------------------------------------------
Finished Handling Custom Attributes : Time (s): cpu = 00:00:24 ; elapsed = 00:00:25 . Memory (MB): peak = 1524.887 ; gain = 974.367
---------------------------------------------------------------------------------
---------------------------------------------------------------------------------
Start Renaming Generated Nets
---------------------------------------------------------------------------------
---------------------------------------------------------------------------------
Finished Renaming Generated Nets : Time (s): cpu = 00:00:24 ; elapsed = 00:00:25 . Memory (MB): peak = 1524.887 ; gain = 974.367
---------------------------------------------------------------------------------
---------------------------------------------------------------------------------
Start Writing Synthesis Report
---------------------------------------------------------------------------------

Report BlackBoxes: 
+-+--------------+----------+
| |BlackBox name |Instances |
+-+--------------+----------+
+-+--------------+----------+

Report Cell Usage: 
+-+-----+------+
| |Cell |Count |
+-+-----+------+
+-+-----+------+
---------------------------------------------------------------------------------
Finished Writing Synthesis Report : Time (s): cpu = 00:00:24 ; elapsed = 00:00:25 . Memory (MB): peak = 1524.887 ; gain = 974.367
---------------------------------------------------------------------------------
Synthesis finished with 0 errors, 1 critical warnings and 87 warnings.
Synthesis Optimization Runtime : Time (s): cpu = 00:00:17 ; elapsed = 00:00:24 . Memory (MB): peak = 1524.887 ; gain = 974.367
Synthesis Optimization Complete : Time (s): cpu = 00:00:25 ; elapsed = 00:00:26 . Memory (MB): peak = 1524.887 ; gain = 974.367
INFO: [Project 1-571] Translating synthesized netlist
Netlist sorting complete. Time (s): cpu = 00:00:00 ; elapsed = 00:00:00 . Memory (MB): peak = 1524.887 ; gain = 0.000
INFO: [Project 1-570] Preparing netlist for logic optimization
INFO: [Opt 31-138] Pushed 0 inverter(s) to 0 load pin(s).
Netlist sorting complete. Time (s): cpu = 00:00:00 ; elapsed = 00:00:00 . Memory (MB): peak = 1524.887 ; gain = 0.000
INFO: [Project 1-111] Unisim Transformation Summary:
No Unisim elements were transformed.

Synth Design complete | Checksum: bb7314cf
INFO: [Common 17-83] Releasing license: Synthesis
18 Infos, 101 Warnings, 1 Critical Warnings and 0 Errors encountered.
synth_design completed successfully
synth_design: Time (s): cpu = 00:00:28 ; elapsed = 00:00:30 . Memory (MB): peak = 1524.887 ; gain = 1166.477
INFO: [Common 17-1381] The checkpoint 'C:/Users/jjboy/ArmPipleCPU/ArmPipleCPU.runs/dist_mem_genrom_synth_1/dist_mem_genrom.dcp' has been generated.
INFO: [runtcl-6] Synthesis results are not added to the cache due to CRITICAL_WARNING
INFO: [Common 17-1381] The checkpoint 'C:/Users/jjboy/ArmPipleCPU/ArmPipleCPU.runs/dist_mem_genrom_synth_1/dist_mem_genrom.dcp' has been generated.
INFO: [Vivado 12-24828] Executing command : report_utilization -file dist_mem_genrom_utilization_synth.rpt -pb dist_mem_genrom_utilization_synth.pb
INFO: [Common 17-206] Exiting Vivado at Fri Jul  4 11:52:34 2025...
